[05:16:05] [modloading-worker-0/INFO] ========================================
[05:16:05] [modloading-worker-0/INFO] Minecraft: 1.18.2
[05:16:05] [modloading-worker-0/INFO] Side: server
[05:16:05] [modloading-worker-0/INFO] Development: false
[05:16:05] [modloading-worker-0/INFO] Version: 8.3.681
[05:16:05] [modloading-worker-0/INFO] Loader:
[05:16:05] [modloading-worker-0/INFO] - Forge: 40.2.17
[05:16:05] [modloading-worker-0/INFO] Dependencies:
[05:16:05] [modloading-worker-0/INFO] - Cloth Config: 6.5.116
[05:16:05] [modloading-worker-0/INFO] - Architectury: 4.12.94
[05:16:05] [modloading-worker-0/INFO] Mixin: 0.8.5
[05:16:05] [modloading-worker-0/INFO] OS: Windows 10 10.0 (amd64)
[05:16:05] [modloading-worker-0/INFO] Java: 17.0.10 (Oracle Corporation)
[05:16:05] [modloading-worker-0/INFO] ========================================
[05:16:05] [modloading-worker-0/INFO] Mods:
[05:16:05] [modloading-worker-0/INFO] - adaptive_performance_tweaks_core: 10.2.0
[05:16:05] [modloading-worker-0/INFO] - adaptive_performance_tweaks_items: 10.0.0
[05:16:05] [modloading-worker-0/INFO] - advancementplaques: 1.4.5.1
[05:16:05] [modloading-worker-0/INFO] - afptweaks: 1.18.2-1.2.12a
[05:16:05] [modloading-worker-0/INFO] - ageingspawners: 1.2.4
[05:16:05] [modloading-worker-0/INFO] - aiimprovements: 0.5.2
[05:16:05] [modloading-worker-0/INFO] - alexsdelight: 1.3.3
[05:16:05] [modloading-worker-0/INFO] - alexsmobs: 1.18.6
[05:16:05] [modloading-worker-0/INFO] - alternate_current: 0.0NONE
[05:16:05] [modloading-worker-0/INFO] - apexcore: 4.13.0
[05:16:05] [modloading-worker-0/INFO] - apotheosis: 5.8.1
[05:16:05] [modloading-worker-0/INFO] - aquamirae: 5.api10
[05:16:05] [modloading-worker-0/INFO] - architectury: 4.12.94
[05:16:05] [modloading-worker-0/INFO] - areas: 5.2
[05:16:05] [modloading-worker-0/INFO] - armorcurve: 3.0
[05:16:05] [modloading-worker-0/INFO] - armoreablemobs: 1.0.7
[05:16:05] [modloading-worker-0/INFO] - atlaslib: 1.1.7a
[05:16:05] [modloading-worker-0/INFO] - attributefix: 14.0.2
[05:16:05] [modloading-worker-0/INFO] - autoreglib: 1.7-53
[05:16:05] [modloading-worker-0/INFO] - awesomedungeonnether: 3.0.0
[05:16:05] [modloading-worker-0/INFO] - ba_bt: 1.18.2-2.3.12
[05:16:05] [modloading-worker-0/INFO] - badmobs: 13.01
[05:16:05] [modloading-worker-0/INFO] - balm: 3.2.6
[05:16:05] [modloading-worker-0/INFO] - bcc: 1.1.21-build.48+mc1.18.2
[05:16:05] [modloading-worker-0/INFO] - betterdeserttemples: 1.18.2-Forge-1.3.1
[05:16:05] [modloading-worker-0/INFO] - betterdungeons: 1.18.2-Forge-2.1.0
[05:16:05] [modloading-worker-0/INFO] - betterendisland: 1.18.2-Forge-1.0
[05:16:05] [modloading-worker-0/INFO] - betterfortresses: 1.18.2-Forge-1.0.0
[05:16:05] [modloading-worker-0/INFO] - betterfpsdist: 1.18.2-1.5
[05:16:05] [modloading-worker-0/INFO] - bettergolem: 1.18.2-1.1.0
[05:16:05] [modloading-worker-0/INFO] - bettermineshafts: 1.18.2-Forge-2.2
[05:16:05] [modloading-worker-0/INFO] - betteroceanmonuments: 1.18.2-Forge-1.0.3
[05:16:05] [modloading-worker-0/INFO] - betterstats: 2.2.2+1.18.2
[05:16:05] [modloading-worker-0/INFO] - betterstrongholds: 1.18.2-Forge-2.1.1
[05:16:05] [modloading-worker-0/INFO] - bettervillage: 2.0.0
[05:16:05] [modloading-worker-0/INFO] - betterwitchhuts: 1.18.2-Forge-1.0.1
[05:16:05] [modloading-worker-0/INFO] - biomemakeover: 1.18.2-1.4.32
[05:16:05] [modloading-worker-0/INFO] - bloodandmadness: 2.0
[05:16:05] [modloading-worker-0/INFO] - blue_skies: 1.3.12
[05:16:05] [modloading-worker-0/INFO] - blueprint: 5.5.0
[05:16:05] [modloading-worker-0/INFO] - bookshelf: 13.3.56
[05:16:05] [modloading-worker-0/INFO] - bosses_of_mass_destruction: 1.0.6
[05:16:05] [modloading-worker-0/INFO] - braincell: 1.18
[05:16:05] [modloading-worker-0/INFO] - brutalbosses: 1.18.2-5.8
[05:16:05] [modloading-worker-0/INFO] - bygonenether: 1.3.2
[05:16:05] [modloading-worker-0/INFO] - caelus: 1.18.1-3.0.0.2
[05:16:05] [modloading-worker-0/INFO] - callablehorses: 1.2.2.5
[05:16:05] [modloading-worker-0/INFO] - cataclysm: 1.0
[05:16:05] [modloading-worker-0/INFO] - cc: 1.0.17
[05:16:05] [modloading-worker-0/INFO] - champions: 1.18.2-2.1.6.3
[05:16:05] [modloading-worker-0/INFO] - chunky: 1.2.164
[05:16:05] [modloading-worker-0/INFO] - citadel: 1.11.3
[05:16:05] [modloading-worker-0/INFO] - cloth_config: 6.5.116
[05:16:05] [modloading-worker-0/INFO] - cloudstorage: 1.1.0
[05:16:05] [modloading-worker-0/INFO] - collective: 7.7
[05:16:05] [modloading-worker-0/INFO] - comforts: 1.18.2-5.0.0.6
[05:16:05] [modloading-worker-0/INFO] - commonality: 1.4.0
[05:16:05] [modloading-worker-0/INFO] - conjurer_illager: 1.1.1
[05:16:05] [modloading-worker-0/INFO] - corpse: 1.18.2-1.0.1
[05:16:05] [modloading-worker-0/INFO] - crafttweaker: 9.1.211
[05:16:05] [modloading-worker-0/INFO] - create: 0.5.1.f
[05:16:05] [modloading-worker-0/INFO] - creativecore: 0.0NONE
[05:16:05] [modloading-worker-0/INFO] - creeperoverhaul: 1.3.1
[05:16:05] [modloading-worker-0/INFO] - cristellib: 1.0.0
[05:16:05] [modloading-worker-0/INFO] - curios: 1.18.2-5.0.9.2
[05:16:05] [modloading-worker-0/INFO] - dannys_expansion: 1.2.6
[05:16:05] [modloading-worker-0/INFO] - darkersouls: 1.0
[05:16:05] [modloading-worker-0/INFO] - dawncraft: 1.18.2-1.2.12a
[05:16:05] [modloading-worker-0/INFO] - dawncraft_fixes: 0.20.0
[05:16:05] [modloading-worker-0/INFO] - dcclasses: 1.1.4
[05:16:05] [modloading-worker-0/INFO] - deleteitem: 2.0.3.1
[05:16:05] [modloading-worker-0/INFO] - difficultraids: 1.7.5-release
[05:16:05] [modloading-worker-0/INFO] - doespotatotick: 1.18.2-4.0.2
[05:16:05] [modloading-worker-0/INFO] - dogslie: 1.1.1
[05:16:05] [modloading-worker-0/INFO] - dragonmounts: 1.1.4
[05:16:05] [modloading-worker-0/INFO] - dummmmmmy: 1.18-1.5.2
[05:16:05] [modloading-worker-0/INFO] - dungeoncrawl: 2.3.14
[05:16:05] [modloading-worker-0/INFO] - dungeons_arise: 2.1.52-1.18.2
[05:16:05] [modloading-worker-0/INFO] - dynamiclightsreforged: 1.18.2_v1.3.3
[05:16:05] [modloading-worker-0/INFO] - easymagic: 3.3.0
[05:16:05] [modloading-worker-0/INFO] - ecologics: 1.7.11
[05:16:05] [modloading-worker-0/INFO] - efdg: 18.1.11
[05:16:05] [modloading-worker-0/INFO] - efmpirates: 18.1.6
[05:16:05] [modloading-worker-0/INFO] - enchantlimiter: 2.0
[05:16:05] [modloading-worker-0/INFO] - endrem: 5.2.0-R-1.18.2
[05:16:05] [modloading-worker-0/INFO] - enlightened_end: 4.0.0.1
[05:16:05] [modloading-worker-0/INFO] - epicfight: 18.5.24
[05:16:05] [modloading-worker-0/INFO] - fantasyfurniture: 3.14.0
[05:16:05] [modloading-worker-0/INFO] - farmersdelight: 1.18.2-1.2.3
[05:16:05] [modloading-worker-0/INFO] - farsight_view: 1.18.2-1.9
[05:16:05] [modloading-worker-0/INFO] - farsightedmobs: 1.1
[05:16:05] [modloading-worker-0/INFO] - fastbench: 6.1.1
[05:16:05] [modloading-worker-0/INFO] - fastfurnace: 6.0.3
[05:16:05] [modloading-worker-0/INFO] - fastload: 3.4.0
[05:16:05] [modloading-worker-0/INFO] - fastsuite: 3.0.2
[05:16:05] [modloading-worker-0/INFO] - feature_nbt_deadlock_be_gone: 2.0.0+1.18.2
[05:16:05] [modloading-worker-0/INFO] - ferritecore: 4.2.2
[05:16:05] [modloading-worker-0/INFO] - fixmyspawnr: 1.0.0
[05:16:05] [modloading-worker-0/INFO] - flywheel: 0.6.10-105
[05:16:05] [modloading-worker-0/INFO] - followme: 1.1.8a
[05:16:05] [modloading-worker-0/INFO] - forge: 40.2.17
[05:16:05] [modloading-worker-0/INFO] - friendsandfoes: 1.4.8
[05:16:05] [modloading-worker-0/INFO] - ftbessentials: 1802.2.2-build.83
[05:16:05] [modloading-worker-0/INFO] - ftblibrary: 1802.3.11-build.177
[05:16:05] [modloading-worker-0/INFO] - ftbquests: 1802.3.15-build.298
[05:16:05] [modloading-worker-0/INFO] - ftbranks: 1802.1.11-build.71
[05:16:05] [modloading-worker-0/INFO] - ftbteams: 1802.2.11-build.107
[05:16:05] [modloading-worker-0/INFO] - fullstackwatchdog: 1.0.1+1.19.2-forge
[05:16:05] [modloading-worker-0/INFO] - gamestages: 8.1.3
[05:16:05] [modloading-worker-0/INFO] - geckolib3: 3.0.57
[05:16:05] [modloading-worker-0/INFO] - getittogetherdrops: 1.3
[05:16:05] [modloading-worker-0/INFO] - globaldataandresourcepacks: 1.12.4_forge
[05:16:05] [modloading-worker-0/INFO] - goblinsanddungeons: 1.0.8
[05:16:05] [modloading-worker-0/INFO] - goblintraders: 1.8.0
[05:16:05] [modloading-worker-0/INFO] - guardvillagers: 1.4.4
[05:16:05] [modloading-worker-0/INFO] - habitat: 1.1.5
[05:16:05] [modloading-worker-0/INFO] - hardermonsterboats: 39.1.1.0
[05:16:05] [modloading-worker-0/INFO] - hexerei: 0.2.2
[05:16:05] [modloading-worker-0/INFO] - highlighter: 1.1.2
[05:16:05] [modloading-worker-0/INFO] - hitindication: 1.3.1
[05:16:05] [modloading-worker-0/INFO] - humancompanions: 1.18.2-1.7.3
[05:16:05] [modloading-worker-0/INFO] - hunterillager: 1.18.2-4.0.1
[05:16:05] [modloading-worker-0/INFO] - iceberg: 1.0.49
[05:16:05] [modloading-worker-0/INFO] - idas: 1.6.6+1.18.2
[05:16:05] [modloading-worker-0/INFO] - illageandspillage: 1.1.3
[05:16:05] [modloading-worker-0/INFO] - immersive_weathering: 1.18.2-1.18.2-3.0.3
[05:16:05] [modloading-worker-0/INFO] - impactful: 18.5.5
[05:16:05] [modloading-worker-0/INFO] - improvedmobs: 1.18.2-1.11.7
[05:16:05] [modloading-worker-0/INFO] - incendium: 5.0.8
[05:16:05] [modloading-worker-0/INFO] - incontrol: 1.18-6.1.12
[05:16:05] [modloading-worker-0/INFO] - infernalexp: 2.5.0
[05:16:05] [modloading-worker-0/INFO] - insanelib: 1.5.3
[05:16:05] [modloading-worker-0/INFO] - integrated_api: 1.2.7+1.18.2
[05:16:05] [modloading-worker-0/INFO] - integrated_stronghold: 1.0.2+1.18.2
[05:16:05] [modloading-worker-0/INFO] - irons_spellbooks: 1.18.2-1.1.4.4
[05:16:05] [modloading-worker-0/INFO] - itemfilters: 1802.2.8-build.50
[05:16:05] [modloading-worker-0/INFO] - itemphysic: 1.6.0
[05:16:05] [modloading-worker-0/INFO] - jade: 5.3.2
[05:16:05] [modloading-worker-0/INFO] - jei: 9.9999
[05:16:05] [modloading-worker-0/INFO] - jeitweaker: 3.0.0.9
[05:16:05] [modloading-worker-0/INFO] - jet_and_elias_armors: 1.0.0
[05:16:05] [modloading-worker-0/INFO] - journeymap: 5.9.7p1
[05:16:05] [modloading-worker-0/INFO] - jumpboat: 1.18.2-0.1.0.3
[05:16:05] [modloading-worker-0/INFO] - kobolds: 2.9.3
[05:16:05] [modloading-worker-0/INFO] - konkrete: 1.8.0
[05:16:05] [modloading-worker-0/INFO] - krypton: 0.1.10-SNAPSHOT
[05:16:05] [modloading-worker-0/INFO] - libertyvillagers: 2.0.0+forge+1.18.2
[05:16:05] [modloading-worker-0/INFO] - libraryferret: 3.0.0
[05:16:05] [modloading-worker-0/INFO] - libx: 1.18.2-3.2.19
[05:16:05] [modloading-worker-0/INFO] - lilwings: 1.2.4
[05:16:05] [modloading-worker-0/INFO] - limitedchunks: 1.8
[05:16:05] [modloading-worker-0/INFO] - logbegone: 1.0.4
[05:16:05] [modloading-worker-0/INFO] - logprot: 1.4
[05:16:05] [modloading-worker-0/INFO] - lootr: 0.3.26.68
[05:16:05] [modloading-worker-0/INFO] - magistuarmory: 8.2
[05:16:05] [modloading-worker-0/INFO] - majruszsdifficulty: 1.8.1
[05:16:05] [modloading-worker-0/INFO] - maxhealthfix: 5.0.4
[05:16:05] [modloading-worker-0/INFO] - medievalmusic: 1.18.2-1.4
[05:16:05] [modloading-worker-0/INFO] - meetyourfight: 1.18.2-1.2.5
[05:16:05] [modloading-worker-0/INFO] - melody: 1.0.1
[05:16:05] [modloading-worker-0/INFO] - mimic: 1.1.32
[05:16:05] [modloading-worker-0/INFO] - minecraft: 1.18.2
[05:16:05] [modloading-worker-0/INFO] - mixinextras: 0.3.5
[05:16:05] [modloading-worker-0/INFO] - mixininheaven: 0.0NONE
[05:16:05] [modloading-worker-0/INFO] - mlib: 5.1.2
[05:16:05] [modloading-worker-0/INFO] - mobhealthbar: 2.2.0
[05:16:05] [modloading-worker-0/INFO] - modernfix: 5.14.0+mc1.18.2
[05:16:05] [modloading-worker-0/INFO] - monsterplus: 1.0
[05:16:05] [modloading-worker-0/INFO] - morevillagers: 3.2.0
[05:16:05] [modloading-worker-0/INFO] - mowziesmobs: 1.6.3
[05:16:05] [modloading-worker-0/INFO] - mutantmonsters: 3.0.1
[05:16:05] [modloading-worker-0/INFO] - mvs: 3.0.8-1.18.2
[05:16:05] [modloading-worker-0/INFO] - netherportalfix: 9.0.1
[05:16:05] [modloading-worker-0/INFO] - nethersdelight: 2.2
[05:16:05] [modloading-worker-0/INFO] - netherskeletons: 4.8
[05:16:05] [modloading-worker-0/INFO] - nightconfigfixes: 3.0.2
[05:16:05] [modloading-worker-0/INFO] - nourished_nether: 1.1.5
[05:16:05] [modloading-worker-0/INFO] - nyfsquiver: 1.18.1-0.7.0
[05:16:05] [modloading-worker-0/INFO] - ob_core: 3.2.0
[05:16:05] [modloading-worker-0/INFO] - ob_tooltips: 1.4.1
[05:16:05] [modloading-worker-0/INFO] - obscure_api: 10
[05:16:05] [modloading-worker-0/INFO] - orcz: 0.74
[05:16:05] [modloading-worker-0/INFO] - paraglider: 1.7.4
[05:16:05] [modloading-worker-0/INFO] - paraglidersstaminacompats: 0.1.3
[05:16:05] [modloading-worker-0/INFO] - passablefoliage: 4.2.1
[05:16:05] [modloading-worker-0/INFO] - patchouli: 1.18.2-71.1
[05:16:05] [modloading-worker-0/INFO] - piglinproliferation: 1.0.0
[05:16:05] [modloading-worker-0/INFO] - pineapple_delight: 0.0NONE
[05:16:05] [modloading-worker-0/INFO] - placebo: 6.6.7
[05:16:05] [modloading-worker-0/INFO] - playeranimator: 1.0.2+1.18
[05:16:05] [modloading-worker-0/INFO] - plushies: 1.2
[05:16:05] [modloading-worker-0/INFO] - pmmo: 1.18.2-3.69.11
[05:16:05] [modloading-worker-0/INFO] - polylib: 1801.0.2-build.13
[05:16:05] [modloading-worker-0/INFO] - polymorph: 1.18.2-0.49
[05:16:05] [modloading-worker-0/INFO] - presencenotrequired: 1.3.0
[05:16:05] [modloading-worker-0/INFO] - prism: 1.0.1
[05:16:05] [modloading-worker-0/INFO] - progressivebosses: 3.6.8
[05:16:05] [modloading-worker-0/INFO] - puzzleslib: 3.5.8
[05:16:05] [modloading-worker-0/INFO] - quark: 3.2-358
[05:16:05] [modloading-worker-0/INFO] - quest_giver: 1.18.2-1.2.1
[05:16:05] [modloading-worker-0/INFO] - radium: 0.7.10
[05:16:05] [modloading-worker-0/INFO] - recipestages: 3.0.0.10
[05:16:05] [modloading-worker-0/INFO] - rei_plugin_compatibilities: 8.0.89
[05:16:05] [modloading-worker-0/INFO] - reputation: 0.9.9
[05:16:05] [modloading-worker-0/INFO] - restored_earth: 1.4.2
[05:16:05] [modloading-worker-0/INFO] - revamped_phantoms: 0.2.3
[05:16:05] [modloading-worker-0/INFO] - roughlyenoughitems: 8.3.681
[05:16:05] [modloading-worker-0/INFO] - saturn: 0.1.5
[05:16:05] [modloading-worker-0/INFO] - savage_and_ravage: 4.0.1
[05:16:05] [modloading-worker-0/INFO] - scattered_weapons: 1.0.0
[05:16:05] [modloading-worker-0/INFO] - secondchanceforge: 1.5.0
[05:16:05] [modloading-worker-0/INFO] - selene: 1.18.2-1.17.9
[05:16:05] [modloading-worker-0/INFO] - sereneseasons: 1.18.2-7.0.0.13
[05:16:05] [modloading-worker-0/INFO] - shrines: 1.18.2-4.1.0
[05:16:05] [modloading-worker-0/INFO] - simple_mobs: 1.2.7
[05:16:05] [modloading-worker-0/INFO] - simplebackups: 1.18.2-1.1.14
[05:16:05] [modloading-worker-0/INFO] - smoothchunk: 1.18.2-1.9
[05:16:05] [modloading-worker-0/INFO] - snuffles: 1.0.2
[05:16:05] [modloading-worker-0/INFO] - solapplepie: 1.18.2-1.0.4
[05:16:05] [modloading-worker-0/INFO] - sophisticatedbackpacks: 1.18.2-3.20.2.1026
[05:16:05] [modloading-worker-0/INFO] - sophisticatedcore: 1.18.2-0.6.3.565
[05:16:05] [modloading-worker-0/INFO] - sound_physics_remastered: 1.18.2-1.0.6
[05:16:05] [modloading-worker-0/INFO] - spark: 1.10.38
[05:16:05] [modloading-worker-0/INFO] - spyglass_improvements: 1.5+mc1.18.2+forge
[05:16:05] [modloading-worker-0/INFO] - stackablepotions: 1.0.0
[05:16:05] [modloading-worker-0/INFO] - starlight: 1.0.2+forge.83663de
[05:16:05] [modloading-worker-0/INFO] - storagedrawers: 10.2.1
[05:16:05] [modloading-worker-0/INFO] - strawgolem: 2.0.0-beta.5
[05:16:05] [modloading-worker-0/INFO] - structory: 0.0NONE
[05:16:05] [modloading-worker-0/INFO] - structure_gel: 2.4.7
[05:16:05] [modloading-worker-0/INFO] - supermartijn642configlib: 1.1.8
[05:16:05] [modloading-worker-0/INFO] - supermartijn642corelib: 1.1.17
[05:16:05] [modloading-worker-0/INFO] - supplementaries: 1.18.2-1.5.18
[05:16:05] [modloading-worker-0/INFO] - tcdcommons: 2.2+1.18.2
[05:16:05] [modloading-worker-0/INFO] - tenshilib: 1.18.2-1.7.4
[05:16:05] [modloading-worker-0/INFO] - terrablender: 1.2.0.126
[05:16:05] [modloading-worker-0/INFO] - terralith: 2.2.6
[05:16:05] [modloading-worker-0/INFO] - timeout_fixes: 1.18.1-1.0.0
[05:16:05] [modloading-worker-0/INFO] - tinyskeletons: 3.3.1
[05:16:05] [modloading-worker-0/INFO] - tlc: 1.0.1
[05:16:05] [modloading-worker-0/INFO] - toofast: 0.0.1.2
[05:16:05] [modloading-worker-0/INFO] - treechop: 0.17.7
[05:16:05] [modloading-worker-0/INFO] - tumbleweed: 1.18-0.5.4
[05:16:05] [modloading-worker-0/INFO] - undead_revamp2: 1.0.0
[05:16:05] [modloading-worker-0/INFO] - untamedwilds: 2.4.3
[05:16:05] [modloading-worker-0/INFO] - villagercomfort: 1.18.2-1.0.0
[05:16:05] [modloading-worker-0/INFO] - villagernames: 7.0
[05:16:05] [modloading-worker-0/INFO] - waila: 5.3.2
[05:16:05] [modloading-worker-0/INFO] - waystones: 10.2.2
[05:16:05] [modloading-worker-0/INFO] - wildbackport: 1.2.3
[05:16:05] [modloading-worker-0/INFO] - wom: 18.1.7.38
[05:16:05] [modloading-worker-0/INFO] - yungsapi: 1.18.2-Forge-2.2.9
[05:16:05] [modloading-worker-0/INFO] - yungsbridges: 1.18.2-Forge-2.1.0
[05:16:05] [modloading-worker-0/INFO] - yungsextras: 1.18.2-Forge-2.1.0
[05:16:05] [modloading-worker-0/INFO] - zensummoning: 1.3.8
[05:16:05] [modloading-worker-0/INFO] ========================================
[05:16:05] [modloading-worker-0/INFO] [REI] Registered plugin provider DefaultPluginImpl [roughlyenoughitems] for REIServerPlugin
[05:16:05] [modloading-worker-0/INFO] [REI] Registered plugin provider DefaultPluginImpl [roughlyenoughitems] for REIPlugin
[05:16:05] [modloading-worker-0/INFO] [REI] Registered plugin provider DefaultRuntimePlugin [roughlyenoughitems] for REIServerPlugin
[05:16:05] [modloading-worker-0/INFO] [REI] Registered plugin provider DefaultRuntimePlugin [roughlyenoughitems] for REIPlugin
[05:16:42] [Worker-Main-6/DEBUG] [REI] Processed 0 tags in 52.70 μs for shrines:random_variation/material
[05:16:43] [Worker-Main-4/DEBUG] [REI] Processed 0 tags in 17.60 μs for minecraft:dimension_type
[05:16:43] [Worker-Main-4/DEBUG] [REI] Processed 5 tags in 1.918 ms for minecraft:game_event
[05:16:43] [Worker-Main-5/DEBUG] [REI] Processed 0 tags in 153.3 μs for minecraft:worldgen/configured_structure_feature
[05:16:43] [Worker-Main-4/DEBUG] [REI] Processed 13 tags in 78.60 μs for minecraft:fluid
[05:16:43] [Worker-Main-4/DEBUG] [REI] Processed 106 tags in 1.067 ms for minecraft:entity_type
[05:16:44] [Worker-Main-6/DEBUG] [REI] Processed 0 tags in 233.4 μs for minecraft:worldgen/biome
[05:16:44] [Worker-Main-5/DEBUG] [REI] Processed 739 tags in 14.38 ms for minecraft:block
[05:16:44] [Worker-Main-4/DEBUG] [REI] Processed 852 tags in 32.18 ms for minecraft:item
[05:16:44] [Worker-Main-6/DEBUG] [REI] Processed 1 tags in 11.80 μs for minecraft:recipe_serializer
[05:16:44] [Worker-Main-6/DEBUG] [REI] Processed 1 tags in 23.50 μs for minecraft:worldgen/structure_feature
[05:17:28] [Worker-Main-4/DEBUG] [REI] ========================================
[05:17:28] [Worker-Main-4/DEBUG] [REI] REIPlugin starting pre-reload for START.
[05:17:28] [Worker-Main-4/DEBUG] [REI] Reloadables (7):
[05:17:28] [Worker-Main-4/DEBUG] [REI]  - EntryTypeRegistryImpl
[05:17:28] [Worker-Main-4/DEBUG] [REI]  - EntrySettingsAdapterRegistryImpl
[05:17:28] [Worker-Main-4/DEBUG] [REI]  - RecipeManagerContextImpl
[05:17:28] [Worker-Main-4/DEBUG] [REI]  - ItemComparatorRegistryImpl
[05:17:28] [Worker-Main-4/DEBUG] [REI]  - FluidComparatorRegistryImpl
[05:17:28] [Worker-Main-4/DEBUG] [REI]  - DisplaySerializerRegistryImpl
[05:17:28] [Worker-Main-4/DEBUG] [REI]  - FluidSupportProviderImpl
[05:17:28] [Worker-Main-4/DEBUG] [REI] Plugins (2):
[05:17:28] [Worker-Main-4/DEBUG] [REI]  - (-100.00) DefaultPluginImpl of DefaultPluginImpl [roughlyenoughitems]
[05:17:28] [Worker-Main-4/DEBUG] [REI]  - (0.00) DefaultRuntimePlugin of DefaultRuntimePlugin [roughlyenoughitems]
[05:17:28] [Worker-Main-4/DEBUG] [REI] ========================================
[05:17:28] [Worker-Main-4/TRACE] [REI] [REIPlugin START] Reloading Section: "pre-register/"
[05:17:28] [Worker-Main-4/TRACE] [REI] [REIPlugin START] Reloading Section: "pre-register/DefaultPluginImpl of DefaultPluginImpl [roughlyenoughitems]/"
[05:17:28] [Worker-Main-4/TRACE] [REI] [REIPlugin START] Reloading Section: "pre-register/DefaultPluginImpl of DefaultPluginImpl [roughlyenoughitems]/" done in 2.019 ms
[05:17:28] [Worker-Main-4/TRACE] [REI] [REIPlugin START] Reloading Section: "pre-register/DefaultRuntimePlugin of DefaultRuntimePlugin [roughlyenoughitems]/"
[05:17:28] [Worker-Main-4/TRACE] [REI] [REIPlugin START] Reloading Section: "pre-register/DefaultRuntimePlugin of DefaultRuntimePlugin [roughlyenoughitems]/" done in 20.50 μs
[05:17:28] [Worker-Main-4/TRACE] [REI] [REIPlugin START] Reloading Section: "pre-register/" done in 27.09 ms
[05:17:28] [Worker-Main-4/TRACE] [REI] [REIPlugin START] Reloading Section: "pre-stage/"
[05:17:28] [Worker-Main-4/TRACE] [REI] [REIPlugin START] Reloading Section: "pre-stage/EntryTypeRegistryImpl/"
[05:17:28] [Worker-Main-4/TRACE] [REI] [REIPlugin START] Reloading Section: "pre-stage/EntryTypeRegistryImpl/" done in 376.2 μs
[05:17:28] [Worker-Main-4/TRACE] [REI] [REIPlugin START] Reloading Section: "pre-stage/EntrySettingsAdapterRegistryImpl/"
[05:17:28] [Worker-Main-4/TRACE] [REI] [REIPlugin START] Reloading Section: "pre-stage/EntrySettingsAdapterRegistryImpl/" done in 10.10 μs
[05:17:28] [Worker-Main-4/TRACE] [REI] [REIPlugin START] Reloading Section: "pre-stage/RecipeManagerContextImpl/"
[05:17:28] [Worker-Main-4/TRACE] [REI] [REIPlugin START] Reloading Section: "pre-stage/RecipeManagerContextImpl/" done in 8.200 μs
[05:17:28] [Worker-Main-4/TRACE] [REI] [REIPlugin START] Reloading Section: "pre-stage/ItemComparatorRegistryImpl/"
[05:17:28] [Worker-Main-4/TRACE] [REI] [REIPlugin START] Reloading Section: "pre-stage/ItemComparatorRegistryImpl/" done in 7.700 μs
[05:17:28] [Worker-Main-4/TRACE] [REI] [REIPlugin START] Reloading Section: "pre-stage/FluidComparatorRegistryImpl/"
[05:17:28] [Worker-Main-4/TRACE] [REI] [REIPlugin START] Reloading Section: "pre-stage/FluidComparatorRegistryImpl/" done in 7.700 μs
[05:17:28] [Worker-Main-4/TRACE] [REI] [REIPlugin START] Reloading Section: "pre-stage/DisplaySerializerRegistryImpl/"
[05:17:28] [Worker-Main-4/TRACE] [REI] [REIPlugin START] Reloading Section: "pre-stage/DisplaySerializerRegistryImpl/" done in 7.900 μs
[05:17:28] [Worker-Main-4/TRACE] [REI] [REIPlugin START] Reloading Section: "pre-stage/FluidSupportProviderImpl/"
[05:17:28] [Worker-Main-4/TRACE] [REI] [REIPlugin START] Reloading Section: "pre-stage/FluidSupportProviderImpl/" done in 8.300 μs
[05:17:28] [Worker-Main-4/TRACE] [REI] [REIPlugin START] Reloading Section: "pre-stage/" done in 1.495 ms
[05:17:28] [Worker-Main-4/DEBUG] [REI] ========================================
[05:17:28] [Worker-Main-4/DEBUG] [REI] REIPlugin finished pre-reload for START in 35.35 ms.
[05:17:28] [Worker-Main-4/DEBUG] [REI] ========================================
[05:17:28] [Worker-Main-4/DEBUG] [REI] ========================================
[05:17:28] [Worker-Main-4/DEBUG] [REI] REIServerPlugin starting pre-reload for START.
[05:17:28] [Worker-Main-4/DEBUG] [REI] Reloadables (2):
[05:17:28] [Worker-Main-4/DEBUG] [REI]  - MenuInfoRegistryImpl
[05:17:28] [Worker-Main-4/DEBUG] [REI]  - SlotAccessorRegistryImpl
[05:17:28] [Worker-Main-4/DEBUG] [REI] Plugins (2):
[05:17:28] [Worker-Main-4/DEBUG] [REI]  - (-100.00) DefaultPluginImpl of DefaultPluginImpl [roughlyenoughitems]
[05:17:28] [Worker-Main-4/DEBUG] [REI]  - (0.00) DefaultRuntimePlugin of DefaultRuntimePlugin [roughlyenoughitems]
[05:17:28] [Worker-Main-4/DEBUG] [REI] ========================================
[05:17:28] [Worker-Main-4/TRACE] [REI] [REIServerPlugin START] Reloading Section: "pre-register/"
[05:17:28] [Worker-Main-4/TRACE] [REI] [REIServerPlugin START] Reloading Section: "pre-register/DefaultPluginImpl of DefaultPluginImpl [roughlyenoughitems]/"
[05:17:28] [Worker-Main-4/TRACE] [REI] [REIServerPlugin START] Reloading Section: "pre-register/DefaultPluginImpl of DefaultPluginImpl [roughlyenoughitems]/" done in 25.20 μs
[05:17:28] [Worker-Main-4/TRACE] [REI] [REIServerPlugin START] Reloading Section: "pre-register/DefaultRuntimePlugin of DefaultRuntimePlugin [roughlyenoughitems]/"
[05:17:28] [Worker-Main-4/TRACE] [REI] [REIServerPlugin START] Reloading Section: "pre-register/DefaultRuntimePlugin of DefaultRuntimePlugin [roughlyenoughitems]/" done in 19.70 μs
[05:17:28] [Worker-Main-4/TRACE] [REI] [REIServerPlugin START] Reloading Section: "pre-register/" done in 742.3 μs
[05:17:28] [Worker-Main-4/TRACE] [REI] [REIServerPlugin START] Reloading Section: "pre-stage/"
[05:17:28] [Worker-Main-4/TRACE] [REI] [REIServerPlugin START] Reloading Section: "pre-stage/MenuInfoRegistryImpl/"
[05:17:28] [Worker-Main-4/TRACE] [REI] [REIServerPlugin START] Reloading Section: "pre-stage/MenuInfoRegistryImpl/" done in 13.40 μs
[05:17:28] [Worker-Main-4/TRACE] [REI] [REIServerPlugin START] Reloading Section: "pre-stage/SlotAccessorRegistryImpl/"
[05:17:28] [Worker-Main-4/TRACE] [REI] [REIServerPlugin START] Reloading Section: "pre-stage/SlotAccessorRegistryImpl/" done in 9.600 μs
[05:17:28] [Worker-Main-4/TRACE] [REI] [REIServerPlugin START] Reloading Section: "pre-stage/" done in 466.1 μs
[05:17:28] [Worker-Main-4/DEBUG] [REI] ========================================
[05:17:28] [Worker-Main-4/DEBUG] [REI] REIServerPlugin finished pre-reload for START in 1.524 ms.
[05:17:28] [Worker-Main-4/DEBUG] [REI] ========================================
[05:17:28] [Worker-Main-4/INFO] [REI] %%%%%%%%%%%%%%%%%%%%%%%%%%%%%%%%%%%%%%%%
[05:17:28] [Worker-Main-4/INFO] [REI] REIPlugin starting main-reload for START.
[05:17:28] [Worker-Main-4/DEBUG] [REI] Reloadables (7):
[05:17:28] [Worker-Main-4/DEBUG] [REI]  - EntryTypeRegistryImpl
[05:17:28] [Worker-Main-4/DEBUG] [REI]  - EntrySettingsAdapterRegistryImpl
[05:17:28] [Worker-Main-4/DEBUG] [REI]  - RecipeManagerContextImpl
[05:17:28] [Worker-Main-4/DEBUG] [REI]  - ItemComparatorRegistryImpl
[05:17:28] [Worker-Main-4/DEBUG] [REI]  - FluidComparatorRegistryImpl
[05:17:28] [Worker-Main-4/DEBUG] [REI]  - DisplaySerializerRegistryImpl
[05:17:28] [Worker-Main-4/DEBUG] [REI]  - FluidSupportProviderImpl
[05:17:28] [Worker-Main-4/INFO] [REI] Plugins (2):
[05:17:28] [Worker-Main-4/INFO] [REI]  - (-100.00) DefaultPluginImpl of DefaultPluginImpl [roughlyenoughitems]
[05:17:28] [Worker-Main-4/INFO] [REI]  - (0.00) DefaultRuntimePlugin of DefaultRuntimePlugin [roughlyenoughitems]
[05:17:28] [Worker-Main-4/INFO] [REI] %%%%%%%%%%%%%%%%%%%%%%%%%%%%%%%%%%%%%%%%
[05:17:28] [Worker-Main-4/TRACE] [REI] [REIPlugin START] Reloading Section: "start-reload/"
[05:17:28] [Worker-Main-4/TRACE] [REI] [REIPlugin START] Reloading Section: "start-reload/EntryTypeRegistryImpl/"
[05:17:28] [Worker-Main-4/TRACE] [REI] [REIPlugin START] Reloading Section: "start-reload/EntryTypeRegistryImpl/" done in 49.20 μs
[05:17:28] [Worker-Main-4/TRACE] [REI] [REIPlugin START] Reloading Section: "start-reload/EntrySettingsAdapterRegistryImpl/"
[05:17:28] [Worker-Main-4/TRACE] [REI] [REIPlugin START] Reloading Section: "start-reload/EntrySettingsAdapterRegistryImpl/" done in 15.50 μs
[05:17:28] [Worker-Main-4/TRACE] [REI] [REIPlugin START] Reloading Section: "start-reload/RecipeManagerContextImpl/"
[05:17:28] [Worker-Main-4/TRACE] [REI] [REIPlugin START] Reloading Section: "start-reload/RecipeManagerContextImpl/" done in 8.600 μs
[05:17:28] [Worker-Main-4/TRACE] [REI] [REIPlugin START] Reloading Section: "start-reload/ItemComparatorRegistryImpl/"
[05:17:28] [Worker-Main-4/TRACE] [REI] [REIPlugin START] Reloading Section: "start-reload/ItemComparatorRegistryImpl/" done in 47.40 μs
[05:17:28] [Worker-Main-4/TRACE] [REI] [REIPlugin START] Reloading Section: "start-reload/FluidComparatorRegistryImpl/"
[05:17:28] [Worker-Main-4/TRACE] [REI] [REIPlugin START] Reloading Section: "start-reload/FluidComparatorRegistryImpl/" done in 11.70 μs
[05:17:28] [Worker-Main-4/TRACE] [REI] [REIPlugin START] Reloading Section: "start-reload/DisplaySerializerRegistryImpl/"
[05:17:28] [Worker-Main-4/TRACE] [REI] [REIPlugin START] Reloading Section: "start-reload/DisplaySerializerRegistryImpl/" done in 11.00 μs
[05:17:28] [Worker-Main-4/TRACE] [REI] [REIPlugin START] Reloading Section: "start-reload/FluidSupportProviderImpl/"
[05:17:28] [Worker-Main-4/TRACE] [REI] [REIPlugin START] Reloading Section: "start-reload/FluidSupportProviderImpl/" done in 35.70 μs
[05:17:28] [Worker-Main-4/TRACE] [REI] [REIPlugin START] Reloading Section: "start-reload/" done in 1.636 ms
[05:17:28] [Worker-Main-4/DEBUG] [REI] ========================================
[05:17:28] [Worker-Main-4/DEBUG] [REI] REIPlugin started main-reload for START.
[05:17:28] [Worker-Main-4/DEBUG] [REI] ========================================
[05:17:28] [Worker-Main-4/TRACE] [REI] [REIPlugin START] Reloading Section: "reloadable-plugin/EntryTypeRegistryImpl/"
[05:17:28] [Worker-Main-4/TRACE] [REI] [REIPlugin START] Reloading Section: "reloadable-plugin/EntryTypeRegistryImpl/DefaultPluginImpl of DefaultPluginImpl [roughlyenoughitems]/"
[05:17:28] [Worker-Main-4/TRACE] [REI] [REIPlugin START] Reloading Section: "reloadable-plugin/EntryTypeRegistryImpl/DefaultPluginImpl of DefaultPluginImpl [roughlyenoughitems]/" done in 398.4 μs
[05:17:28] [Worker-Main-4/TRACE] [REI] [REIPlugin START] Reloading Section: "reloadable-plugin/EntryTypeRegistryImpl/DefaultRuntimePlugin of DefaultRuntimePlugin [roughlyenoughitems]/"
[05:17:28] [Worker-Main-4/TRACE] [REI] [REIPlugin START] Reloading Section: "reloadable-plugin/EntryTypeRegistryImpl/DefaultRuntimePlugin of DefaultRuntimePlugin [roughlyenoughitems]/" done in 23.61 ms
[05:17:28] [Worker-Main-4/TRACE] [REI] [REIPlugin START] Reloading Section: "reloadable-plugin/EntryTypeRegistryImpl/" done in 25.54 ms
[05:17:28] [Worker-Main-4/TRACE] [REI] [REIPlugin START] Reloading Section: "reloadable-plugin/EntrySettingsAdapterRegistryImpl/"
[05:17:28] [Worker-Main-4/TRACE] [REI] [REIPlugin START] Reloading Section: "reloadable-plugin/EntrySettingsAdapterRegistryImpl/DefaultPluginImpl of DefaultPluginImpl [roughlyenoughitems]/"
[05:17:28] [Worker-Main-4/TRACE] [REI] [REIPlugin START] Reloading Section: "reloadable-plugin/EntrySettingsAdapterRegistryImpl/DefaultPluginImpl of DefaultPluginImpl [roughlyenoughitems]/" done in 20.10 μs
[05:17:28] [Worker-Main-4/TRACE] [REI] [REIPlugin START] Reloading Section: "reloadable-plugin/EntrySettingsAdapterRegistryImpl/DefaultRuntimePlugin of DefaultRuntimePlugin [roughlyenoughitems]/"
[05:17:28] [Worker-Main-4/TRACE] [REI] [REIPlugin START] Reloading Section: "reloadable-plugin/EntrySettingsAdapterRegistryImpl/DefaultRuntimePlugin of DefaultRuntimePlugin [roughlyenoughitems]/" done in 30.90 μs
[05:17:28] [Worker-Main-4/TRACE] [REI] [REIPlugin START] Reloading Section: "reloadable-plugin/EntrySettingsAdapterRegistryImpl/" done in 1.212 ms
[05:17:28] [Worker-Main-4/TRACE] [REI] [REIPlugin START] Reloading Section: "reloadable-plugin/RecipeManagerContextImpl/"
[05:17:28] [Worker-Main-4/TRACE] [REI] [REIPlugin START] Reloading Section: "reloadable-plugin/RecipeManagerContextImpl/DefaultPluginImpl of DefaultPluginImpl [roughlyenoughitems]/"
[05:17:28] [Worker-Main-4/TRACE] [REI] [REIPlugin START] Reloading Section: "reloadable-plugin/RecipeManagerContextImpl/DefaultPluginImpl of DefaultPluginImpl [roughlyenoughitems]/" done in 16.90 μs
[05:17:28] [Worker-Main-4/TRACE] [REI] [REIPlugin START] Reloading Section: "reloadable-plugin/RecipeManagerContextImpl/DefaultRuntimePlugin of DefaultRuntimePlugin [roughlyenoughitems]/"
[05:17:28] [Worker-Main-4/TRACE] [REI] [REIPlugin START] Reloading Section: "reloadable-plugin/RecipeManagerContextImpl/DefaultRuntimePlugin of DefaultRuntimePlugin [roughlyenoughitems]/" done in 26.00 μs
[05:17:28] [Worker-Main-4/TRACE] [REI] [REIPlugin START] Reloading Section: "reloadable-plugin/RecipeManagerContextImpl/" done in 1.243 ms
[05:17:28] [Worker-Main-4/TRACE] [REI] [REIPlugin START] Reloading Section: "reloadable-plugin/ItemComparatorRegistryImpl/"
[05:17:28] [Worker-Main-4/TRACE] [REI] [REIPlugin START] Reloading Section: "reloadable-plugin/ItemComparatorRegistryImpl/DefaultPluginImpl of DefaultPluginImpl [roughlyenoughitems]/"
[05:17:28] [Worker-Main-4/TRACE] [REI] [REIPlugin START] Reloading Section: "reloadable-plugin/ItemComparatorRegistryImpl/DefaultPluginImpl of DefaultPluginImpl [roughlyenoughitems]/" done in 1.171 ms
[05:17:28] [Worker-Main-4/TRACE] [REI] [REIPlugin START] Reloading Section: "reloadable-plugin/ItemComparatorRegistryImpl/DefaultRuntimePlugin of DefaultRuntimePlugin [roughlyenoughitems]/"
[05:17:28] [Worker-Main-4/TRACE] [REI] [REIPlugin START] Reloading Section: "reloadable-plugin/ItemComparatorRegistryImpl/DefaultRuntimePlugin of DefaultRuntimePlugin [roughlyenoughitems]/" done in 24.60 μs
[05:17:28] [Worker-Main-4/TRACE] [REI] [REIPlugin START] Reloading Section: "reloadable-plugin/ItemComparatorRegistryImpl/" done in 1.601 ms
[05:17:28] [Worker-Main-4/TRACE] [REI] [REIPlugin START] Reloading Section: "reloadable-plugin/FluidComparatorRegistryImpl/"
[05:17:28] [Worker-Main-4/TRACE] [REI] [REIPlugin START] Reloading Section: "reloadable-plugin/FluidComparatorRegistryImpl/DefaultPluginImpl of DefaultPluginImpl [roughlyenoughitems]/"
[05:17:28] [Worker-Main-4/TRACE] [REI] [REIPlugin START] Reloading Section: "reloadable-plugin/FluidComparatorRegistryImpl/DefaultPluginImpl of DefaultPluginImpl [roughlyenoughitems]/" done in 27.90 μs
[05:17:28] [Worker-Main-4/TRACE] [REI] [REIPlugin START] Reloading Section: "reloadable-plugin/FluidComparatorRegistryImpl/DefaultRuntimePlugin of DefaultRuntimePlugin [roughlyenoughitems]/"
[05:17:28] [Worker-Main-4/TRACE] [REI] [REIPlugin START] Reloading Section: "reloadable-plugin/FluidComparatorRegistryImpl/DefaultRuntimePlugin of DefaultRuntimePlugin [roughlyenoughitems]/" done in 15.50 μs
[05:17:28] [Worker-Main-4/TRACE] [REI] [REIPlugin START] Reloading Section: "reloadable-plugin/FluidComparatorRegistryImpl/" done in 372.5 μs
[05:17:28] [Worker-Main-4/TRACE] [REI] [REIPlugin START] Reloading Section: "reloadable-plugin/DisplaySerializerRegistryImpl/"
[05:17:28] [Worker-Main-4/TRACE] [REI] [REIPlugin START] Reloading Section: "reloadable-plugin/DisplaySerializerRegistryImpl/DefaultPluginImpl of DefaultPluginImpl [roughlyenoughitems]/"
[05:17:28] [Worker-Main-4/TRACE] [REI] [REIPlugin START] Reloading Section: "reloadable-plugin/DisplaySerializerRegistryImpl/DefaultPluginImpl of DefaultPluginImpl [roughlyenoughitems]/" done in 13.70 μs
[05:17:28] [Worker-Main-4/TRACE] [REI] [REIPlugin START] Reloading Section: "reloadable-plugin/DisplaySerializerRegistryImpl/DefaultRuntimePlugin of DefaultRuntimePlugin [roughlyenoughitems]/"
[05:17:28] [Worker-Main-4/TRACE] [REI] [REIPlugin START] Reloading Section: "reloadable-plugin/DisplaySerializerRegistryImpl/DefaultRuntimePlugin of DefaultRuntimePlugin [roughlyenoughitems]/" done in 777.1 μs
[05:17:28] [Worker-Main-4/TRACE] [REI] [REIPlugin START] Reloading Section: "reloadable-plugin/DisplaySerializerRegistryImpl/" done in 1.219 ms
[05:17:28] [Worker-Main-4/TRACE] [REI] [REIPlugin START] Reloading Section: "reloadable-plugin/FluidSupportProviderImpl/"
[05:17:28] [Worker-Main-4/TRACE] [REI] [REIPlugin START] Reloading Section: "reloadable-plugin/FluidSupportProviderImpl/DefaultPluginImpl of DefaultPluginImpl [roughlyenoughitems]/"
[05:17:28] [Worker-Main-4/TRACE] [REI] [REIPlugin START] Reloading Section: "reloadable-plugin/FluidSupportProviderImpl/DefaultPluginImpl of DefaultPluginImpl [roughlyenoughitems]/" done in 1.249 ms
[05:17:28] [Worker-Main-4/TRACE] [REI] [REIPlugin START] Reloading Section: "reloadable-plugin/FluidSupportProviderImpl/DefaultRuntimePlugin of DefaultRuntimePlugin [roughlyenoughitems]/"
[05:17:28] [Worker-Main-4/TRACE] [REI] [REIPlugin START] Reloading Section: "reloadable-plugin/FluidSupportProviderImpl/DefaultRuntimePlugin of DefaultRuntimePlugin [roughlyenoughitems]/" done in 63.60 μs
[05:17:28] [Worker-Main-4/TRACE] [REI] [REIPlugin START] Reloading Section: "reloadable-plugin/FluidSupportProviderImpl/" done in 2.110 ms
[05:17:28] [Worker-Main-4/DEBUG] [REI] ========================================
[05:17:28] [Worker-Main-4/DEBUG] [REI] REIPlugin ending main-reload for START.
[05:17:28] [Worker-Main-4/DEBUG] [REI] ========================================
[05:17:28] [Worker-Main-4/TRACE] [REI] [REIPlugin START] Reloading Section: "end-reload/"
[05:17:28] [Worker-Main-4/TRACE] [REI] [REIPlugin START] Reloading Section: "end-reload/EntryTypeRegistryImpl/"
[05:17:28] [Worker-Main-4/TRACE] [REI] [REIPlugin START] Reloading Section: "end-reload/EntryTypeRegistryImpl/" done in 21.20 μs
[05:17:28] [Worker-Main-4/TRACE] [REI] [REIPlugin START] Reloading Section: "end-reload/EntrySettingsAdapterRegistryImpl/"
[05:17:28] [Worker-Main-4/TRACE] [REI] [REIPlugin START] Reloading Section: "end-reload/EntrySettingsAdapterRegistryImpl/" done in 9.200 μs
[05:17:28] [Worker-Main-4/TRACE] [REI] [REIPlugin START] Reloading Section: "end-reload/RecipeManagerContextImpl/"
[05:17:28] [Worker-Main-4/TRACE] [REI] [REIPlugin START] Reloading Section: "end-reload/RecipeManagerContextImpl/" done in 9.400 μs
[05:17:28] [Worker-Main-4/TRACE] [REI] [REIPlugin START] Reloading Section: "end-reload/ItemComparatorRegistryImpl/"
[05:17:28] [Worker-Main-4/TRACE] [REI] [REIPlugin START] Reloading Section: "end-reload/ItemComparatorRegistryImpl/" done in 9.100 μs
[05:17:28] [Worker-Main-4/TRACE] [REI] [REIPlugin START] Reloading Section: "end-reload/FluidComparatorRegistryImpl/"
[05:17:28] [Worker-Main-4/TRACE] [REI] [REIPlugin START] Reloading Section: "end-reload/FluidComparatorRegistryImpl/" done in 12.80 μs
[05:17:28] [Worker-Main-4/TRACE] [REI] [REIPlugin START] Reloading Section: "end-reload/DisplaySerializerRegistryImpl/"
[05:17:28] [Worker-Main-4/TRACE] [REI] [REIPlugin START] Reloading Section: "end-reload/DisplaySerializerRegistryImpl/" done in 9.300 μs
[05:17:28] [Worker-Main-4/TRACE] [REI] [REIPlugin START] Reloading Section: "end-reload/FluidSupportProviderImpl/"
[05:17:28] [Worker-Main-4/TRACE] [REI] [REIPlugin START] Reloading Section: "end-reload/FluidSupportProviderImpl/" done in 9.100 μs
[05:17:28] [Worker-Main-4/TRACE] [REI] [REIPlugin START] Reloading Section: "end-reload/" done in 1.358 ms
[05:17:28] [Worker-Main-4/DEBUG] [REI] ========================================
[05:17:28] [Worker-Main-4/DEBUG] [REI] REIPlugin ended main-reload for START in 42.13 ms.
[05:17:28] [Worker-Main-4/DEBUG] [REI] ========================================
[05:17:28] [Worker-Main-4/INFO] [REI] @@@@@@@@@@@@@@@@@@@@@@@@@@@@@@@@@@@@@@@@
[05:17:28] [Worker-Main-4/INFO] [REI] REIServerPlugin starting main-reload for START.
[05:17:28] [Worker-Main-4/DEBUG] [REI] Reloadables (2):
[05:17:28] [Worker-Main-4/DEBUG] [REI]  - MenuInfoRegistryImpl
[05:17:28] [Worker-Main-4/DEBUG] [REI]  - SlotAccessorRegistryImpl
[05:17:28] [Worker-Main-4/INFO] [REI] Plugins (2):
[05:17:28] [Worker-Main-4/INFO] [REI]  - (-100.00) DefaultPluginImpl of DefaultPluginImpl [roughlyenoughitems]
[05:17:28] [Worker-Main-4/INFO] [REI]  - (0.00) DefaultRuntimePlugin of DefaultRuntimePlugin [roughlyenoughitems]
[05:17:28] [Worker-Main-4/INFO] [REI] @@@@@@@@@@@@@@@@@@@@@@@@@@@@@@@@@@@@@@@@
[05:17:28] [Worker-Main-4/TRACE] [REI] [REIServerPlugin START] Reloading Section: "start-reload/"
[05:17:28] [Worker-Main-4/TRACE] [REI] [REIServerPlugin START] Reloading Section: "start-reload/MenuInfoRegistryImpl/"
[05:17:28] [Worker-Main-4/TRACE] [REI] [REIServerPlugin START] Reloading Section: "start-reload/MenuInfoRegistryImpl/" done in 12.70 μs
[05:17:28] [Worker-Main-4/TRACE] [REI] [REIServerPlugin START] Reloading Section: "start-reload/SlotAccessorRegistryImpl/"
[05:17:28] [Worker-Main-4/TRACE] [REI] [REIServerPlugin START] Reloading Section: "start-reload/SlotAccessorRegistryImpl/" done in 8.900 μs
[05:17:28] [Worker-Main-4/TRACE] [REI] [REIServerPlugin START] Reloading Section: "start-reload/" done in 281.2 μs
[05:17:28] [Worker-Main-4/DEBUG] [REI] ========================================
[05:17:28] [Worker-Main-4/DEBUG] [REI] REIServerPlugin started main-reload for START.
[05:17:28] [Worker-Main-4/DEBUG] [REI] ========================================
[05:17:28] [Worker-Main-4/TRACE] [REI] [REIServerPlugin START] Reloading Section: "reloadable-plugin/MenuInfoRegistryImpl/"
[05:17:28] [Worker-Main-4/TRACE] [REI] [REIServerPlugin START] Reloading Section: "reloadable-plugin/MenuInfoRegistryImpl/DefaultPluginImpl of DefaultPluginImpl [roughlyenoughitems]/"
[05:17:28] [Worker-Main-4/TRACE] [REI] [REIServerPlugin START] Reloading Section: "reloadable-plugin/MenuInfoRegistryImpl/DefaultPluginImpl of DefaultPluginImpl [roughlyenoughitems]/" done in 17.00 μs
[05:17:28] [Worker-Main-4/TRACE] [REI] [REIServerPlugin START] Reloading Section: "reloadable-plugin/MenuInfoRegistryImpl/DefaultRuntimePlugin of DefaultRuntimePlugin [roughlyenoughitems]/"
[05:17:28] [Worker-Main-4/TRACE] [REI] [REIServerPlugin START] Reloading Section: "reloadable-plugin/MenuInfoRegistryImpl/DefaultRuntimePlugin of DefaultRuntimePlugin [roughlyenoughitems]/" done in 13.80 μs
[05:17:28] [Worker-Main-4/TRACE] [REI] [REIServerPlugin START] Reloading Section: "reloadable-plugin/MenuInfoRegistryImpl/" done in 398.1 μs
[05:17:28] [Worker-Main-4/TRACE] [REI] [REIServerPlugin START] Reloading Section: "reloadable-plugin/SlotAccessorRegistryImpl/"
[05:17:28] [Worker-Main-4/TRACE] [REI] [REIServerPlugin START] Reloading Section: "reloadable-plugin/SlotAccessorRegistryImpl/DefaultPluginImpl of DefaultPluginImpl [roughlyenoughitems]/"
[05:17:28] [Worker-Main-4/TRACE] [REI] [REIServerPlugin START] Reloading Section: "reloadable-plugin/SlotAccessorRegistryImpl/DefaultPluginImpl of DefaultPluginImpl [roughlyenoughitems]/" done in 13.00 μs
[05:17:28] [Worker-Main-4/TRACE] [REI] [REIServerPlugin START] Reloading Section: "reloadable-plugin/SlotAccessorRegistryImpl/DefaultRuntimePlugin of DefaultRuntimePlugin [roughlyenoughitems]/"
[05:17:28] [Worker-Main-4/TRACE] [REI] [REIServerPlugin START] Reloading Section: "reloadable-plugin/SlotAccessorRegistryImpl/DefaultRuntimePlugin of DefaultRuntimePlugin [roughlyenoughitems]/" done in 13.30 μs
[05:17:28] [Worker-Main-4/TRACE] [REI] [REIServerPlugin START] Reloading Section: "reloadable-plugin/SlotAccessorRegistryImpl/" done in 287.5 μs
[05:17:28] [Worker-Main-4/DEBUG] [REI] ========================================
[05:17:28] [Worker-Main-4/DEBUG] [REI] REIServerPlugin ending main-reload for START.
[05:17:28] [Worker-Main-4/DEBUG] [REI] ========================================
[05:17:28] [Worker-Main-4/TRACE] [REI] [REIServerPlugin START] Reloading Section: "end-reload/"
[05:17:28] [Worker-Main-4/TRACE] [REI] [REIServerPlugin START] Reloading Section: "end-reload/MenuInfoRegistryImpl/"
[05:17:28] [Worker-Main-4/TRACE] [REI] [REIServerPlugin START] Reloading Section: "end-reload/MenuInfoRegistryImpl/" done in 9.700 μs
[05:17:28] [Worker-Main-4/TRACE] [REI] [REIServerPlugin START] Reloading Section: "end-reload/SlotAccessorRegistryImpl/"
[05:17:28] [Worker-Main-4/TRACE] [REI] [REIServerPlugin START] Reloading Section: "end-reload/SlotAccessorRegistryImpl/" done in 8.300 μs
[05:17:28] [Worker-Main-4/TRACE] [REI] [REIServerPlugin START] Reloading Section: "end-reload/" done in 254.9 μs
[05:17:28] [Worker-Main-4/DEBUG] [REI] ========================================
[05:17:28] [Worker-Main-4/DEBUG] [REI] REIServerPlugin ended main-reload for START in 2.395 ms.
[05:17:28] [Worker-Main-4/DEBUG] [REI] ========================================
[05:17:28] [Worker-Main-4/DEBUG] [REI] ========================================
[05:17:28] [Worker-Main-4/DEBUG] [REI] REIPlugin starting post-reload for START.
[05:17:28] [Worker-Main-4/DEBUG] [REI] Reloadables (7):
[05:17:28] [Worker-Main-4/DEBUG] [REI]  - EntryTypeRegistryImpl
[05:17:28] [Worker-Main-4/DEBUG] [REI]  - EntrySettingsAdapterRegistryImpl
[05:17:28] [Worker-Main-4/DEBUG] [REI]  - RecipeManagerContextImpl
[05:17:28] [Worker-Main-4/DEBUG] [REI]  - ItemComparatorRegistryImpl
[05:17:28] [Worker-Main-4/DEBUG] [REI]  - FluidComparatorRegistryImpl
[05:17:28] [Worker-Main-4/DEBUG] [REI]  - DisplaySerializerRegistryImpl
[05:17:28] [Worker-Main-4/DEBUG] [REI]  - FluidSupportProviderImpl
[05:17:28] [Worker-Main-4/DEBUG] [REI] Plugins (2):
[05:17:28] [Worker-Main-4/DEBUG] [REI]  - (-100.00) DefaultPluginImpl of DefaultPluginImpl [roughlyenoughitems]
[05:17:28] [Worker-Main-4/DEBUG] [REI]  - (0.00) DefaultRuntimePlugin of DefaultRuntimePlugin [roughlyenoughitems]
[05:17:28] [Worker-Main-4/DEBUG] [REI] ========================================
[05:17:28] [Worker-Main-4/TRACE] [REI] [REIPlugin START] Reloading Section: "post-register/"
[05:17:28] [Worker-Main-4/TRACE] [REI] [REIPlugin START] Reloading Section: "post-register/DefaultPluginImpl of DefaultPluginImpl [roughlyenoughitems]/"
[05:17:28] [Worker-Main-4/TRACE] [REI] [REIPlugin START] Reloading Section: "post-register/DefaultPluginImpl of DefaultPluginImpl [roughlyenoughitems]/" done in 784.5 μs
[05:17:28] [Worker-Main-4/TRACE] [REI] [REIPlugin START] Reloading Section: "post-register/DefaultRuntimePlugin of DefaultRuntimePlugin [roughlyenoughitems]/"
[05:17:28] [Worker-Main-4/TRACE] [REI] [REIPlugin START] Reloading Section: "post-register/DefaultRuntimePlugin of DefaultRuntimePlugin [roughlyenoughitems]/" done in 20.40 μs
[05:17:28] [Worker-Main-4/TRACE] [REI] [REIPlugin START] Reloading Section: "post-register/" done in 1.966 ms
[05:17:28] [Worker-Main-4/TRACE] [REI] [REIPlugin START] Reloading Section: "post-stage/"
[05:17:28] [Worker-Main-4/TRACE] [REI] [REIPlugin START] Reloading Section: "post-stage/EntryTypeRegistryImpl/"
[05:17:28] [Worker-Main-4/TRACE] [REI] [REIPlugin START] Reloading Section: "post-stage/EntryTypeRegistryImpl/" done in 17.90 μs
[05:17:28] [Worker-Main-4/TRACE] [REI] [REIPlugin START] Reloading Section: "post-stage/EntrySettingsAdapterRegistryImpl/"
[05:17:28] [Worker-Main-4/TRACE] [REI] [REIPlugin START] Reloading Section: "post-stage/EntrySettingsAdapterRegistryImpl/" done in 7.800 μs
[05:17:28] [Worker-Main-4/TRACE] [REI] [REIPlugin START] Reloading Section: "post-stage/RecipeManagerContextImpl/"
[05:17:28] [Worker-Main-4/TRACE] [REI] [REIPlugin START] Reloading Section: "post-stage/RecipeManagerContextImpl/" done in 6.900 μs
[05:17:28] [Worker-Main-4/TRACE] [REI] [REIPlugin START] Reloading Section: "post-stage/ItemComparatorRegistryImpl/"
[05:17:28] [Worker-Main-4/TRACE] [REI] [REIPlugin START] Reloading Section: "post-stage/ItemComparatorRegistryImpl/" done in 6.800 μs
[05:17:28] [Worker-Main-4/TRACE] [REI] [REIPlugin START] Reloading Section: "post-stage/FluidComparatorRegistryImpl/"
[05:17:28] [Worker-Main-4/TRACE] [REI] [REIPlugin START] Reloading Section: "post-stage/FluidComparatorRegistryImpl/" done in 6.600 μs
[05:17:28] [Worker-Main-4/TRACE] [REI] [REIPlugin START] Reloading Section: "post-stage/DisplaySerializerRegistryImpl/"
[05:17:28] [Worker-Main-4/TRACE] [REI] [REIPlugin START] Reloading Section: "post-stage/DisplaySerializerRegistryImpl/" done in 5.700 μs
[05:17:28] [Worker-Main-4/TRACE] [REI] [REIPlugin START] Reloading Section: "post-stage/FluidSupportProviderImpl/"
[05:17:28] [Worker-Main-4/TRACE] [REI] [REIPlugin START] Reloading Section: "post-stage/FluidSupportProviderImpl/" done in 6.200 μs
[05:17:28] [Worker-Main-4/TRACE] [REI] [REIPlugin START] Reloading Section: "post-stage/" done in 949.9 μs
[05:17:28] [Worker-Main-4/DEBUG] [REI] ========================================
[05:17:28] [Worker-Main-4/INFO] [REI] REIPlugin finished post-reload for START in 3.165 ms, totaling 80.62 ms.
[05:17:28] [Worker-Main-4/DEBUG] [REI] ========================================
[05:17:28] [Worker-Main-4/DEBUG] [REI] ========================================
[05:17:28] [Worker-Main-4/DEBUG] [REI] REIServerPlugin starting post-reload for START.
[05:17:28] [Worker-Main-4/DEBUG] [REI] Reloadables (2):
[05:17:28] [Worker-Main-4/DEBUG] [REI]  - MenuInfoRegistryImpl
[05:17:28] [Worker-Main-4/DEBUG] [REI]  - SlotAccessorRegistryImpl
[05:17:28] [Worker-Main-4/DEBUG] [REI] Plugins (2):
[05:17:28] [Worker-Main-4/DEBUG] [REI]  - (-100.00) DefaultPluginImpl of DefaultPluginImpl [roughlyenoughitems]
[05:17:28] [Worker-Main-4/DEBUG] [REI]  - (0.00) DefaultRuntimePlugin of DefaultRuntimePlugin [roughlyenoughitems]
[05:17:28] [Worker-Main-4/DEBUG] [REI] ========================================
[05:17:28] [Worker-Main-4/TRACE] [REI] [REIServerPlugin START] Reloading Section: "post-register/"
[05:17:28] [Worker-Main-4/TRACE] [REI] [REIServerPlugin START] Reloading Section: "post-register/DefaultPluginImpl of DefaultPluginImpl [roughlyenoughitems]/"
[05:17:28] [Worker-Main-4/TRACE] [REI] [REIServerPlugin START] Reloading Section: "post-register/DefaultPluginImpl of DefaultPluginImpl [roughlyenoughitems]/" done in 15.80 μs
[05:17:28] [Worker-Main-4/TRACE] [REI] [REIServerPlugin START] Reloading Section: "post-register/DefaultRuntimePlugin of DefaultRuntimePlugin [roughlyenoughitems]/"
[05:17:28] [Worker-Main-4/TRACE] [REI] [REIServerPlugin START] Reloading Section: "post-register/DefaultRuntimePlugin of DefaultRuntimePlugin [roughlyenoughitems]/" done in 12.20 μs
[05:17:28] [Worker-Main-4/TRACE] [REI] [REIServerPlugin START] Reloading Section: "post-register/" done in 283.7 μs
[05:17:28] [Worker-Main-4/TRACE] [REI] [REIServerPlugin START] Reloading Section: "post-stage/"
[05:17:28] [Worker-Main-4/TRACE] [REI] [REIServerPlugin START] Reloading Section: "post-stage/MenuInfoRegistryImpl/"
[05:17:28] [Worker-Main-4/TRACE] [REI] [REIServerPlugin START] Reloading Section: "post-stage/MenuInfoRegistryImpl/" done in 8.100 μs
[05:17:28] [Worker-Main-4/TRACE] [REI] [REIServerPlugin START] Reloading Section: "post-stage/SlotAccessorRegistryImpl/"
[05:17:28] [Worker-Main-4/TRACE] [REI] [REIServerPlugin START] Reloading Section: "post-stage/SlotAccessorRegistryImpl/" done in 6.300 μs
[05:17:28] [Worker-Main-4/TRACE] [REI] [REIServerPlugin START] Reloading Section: "post-stage/" done in 205.5 μs
[05:17:28] [Worker-Main-4/DEBUG] [REI] ========================================
[05:17:28] [Worker-Main-4/INFO] [REI] REIServerPlugin finished post-reload for START in 679.5 μs, totaling 4.571 ms.
[05:17:28] [Worker-Main-4/DEBUG] [REI] ========================================
[05:17:28] [Worker-Main-4/DEBUG] [REI] ========================================
[05:17:28] [Worker-Main-4/DEBUG] [REI] REIPlugin starting pre-reload for END.
[05:17:28] [Worker-Main-4/DEBUG] [REI] Reloadables (7):
[05:17:28] [Worker-Main-4/DEBUG] [REI]  - EntryTypeRegistryImpl
[05:17:28] [Worker-Main-4/DEBUG] [REI]  - EntrySettingsAdapterRegistryImpl
[05:17:28] [Worker-Main-4/DEBUG] [REI]  - RecipeManagerContextImpl
[05:17:28] [Worker-Main-4/DEBUG] [REI]  - ItemComparatorRegistryImpl
[05:17:28] [Worker-Main-4/DEBUG] [REI]  - FluidComparatorRegistryImpl
[05:17:28] [Worker-Main-4/DEBUG] [REI]  - DisplaySerializerRegistryImpl
[05:17:28] [Worker-Main-4/DEBUG] [REI]  - FluidSupportProviderImpl
[05:17:28] [Worker-Main-4/DEBUG] [REI] Plugins (2):
[05:17:28] [Worker-Main-4/DEBUG] [REI]  - (-100.00) DefaultPluginImpl of DefaultPluginImpl [roughlyenoughitems]
[05:17:28] [Worker-Main-4/DEBUG] [REI]  - (0.00) DefaultRuntimePlugin of DefaultRuntimePlugin [roughlyenoughitems]
[05:17:28] [Worker-Main-4/DEBUG] [REI] ========================================
[05:17:28] [Worker-Main-4/TRACE] [REI] [REIPlugin END] Reloading Section: "pre-register/"
[05:17:28] [Worker-Main-4/TRACE] [REI] [REIPlugin END] Reloading Section: "pre-register/DefaultPluginImpl of DefaultPluginImpl [roughlyenoughitems]/"
[05:17:28] [Worker-Main-4/TRACE] [REI] [REIPlugin END] Reloading Section: "pre-register/DefaultPluginImpl of DefaultPluginImpl [roughlyenoughitems]/" done in 17.00 μs
[05:17:28] [Worker-Main-4/TRACE] [REI] [REIPlugin END] Reloading Section: "pre-register/DefaultRuntimePlugin of DefaultRuntimePlugin [roughlyenoughitems]/"
[05:17:28] [Worker-Main-4/TRACE] [REI] [REIPlugin END] Reloading Section: "pre-register/DefaultRuntimePlugin of DefaultRuntimePlugin [roughlyenoughitems]/" done in 12.20 μs
[05:17:28] [Worker-Main-4/TRACE] [REI] [REIPlugin END] Reloading Section: "pre-register/" done in 294.4 μs
[05:17:28] [Worker-Main-4/TRACE] [REI] [REIPlugin END] Reloading Section: "pre-stage/"
[05:17:28] [Worker-Main-4/TRACE] [REI] [REIPlugin END] Reloading Section: "pre-stage/EntryTypeRegistryImpl/"
[05:17:28] [Worker-Main-4/TRACE] [REI] [REIPlugin END] Reloading Section: "pre-stage/EntryTypeRegistryImpl/" done in 8.800 μs
[05:17:28] [Worker-Main-4/TRACE] [REI] [REIPlugin END] Reloading Section: "pre-stage/EntrySettingsAdapterRegistryImpl/"
[05:17:28] [Worker-Main-4/TRACE] [REI] [REIPlugin END] Reloading Section: "pre-stage/EntrySettingsAdapterRegistryImpl/" done in 8.400 μs
[05:17:28] [Worker-Main-4/TRACE] [REI] [REIPlugin END] Reloading Section: "pre-stage/RecipeManagerContextImpl/"
[05:17:28] [Worker-Main-4/TRACE] [REI] [REIPlugin END] Reloading Section: "pre-stage/RecipeManagerContextImpl/" done in 8.300 μs
[05:17:28] [Worker-Main-4/TRACE] [REI] [REIPlugin END] Reloading Section: "pre-stage/ItemComparatorRegistryImpl/"
[05:17:28] [Worker-Main-4/TRACE] [REI] [REIPlugin END] Reloading Section: "pre-stage/ItemComparatorRegistryImpl/" done in 18.20 μs
[05:17:28] [Worker-Main-4/TRACE] [REI] [REIPlugin END] Reloading Section: "pre-stage/FluidComparatorRegistryImpl/"
[05:17:28] [Worker-Main-4/TRACE] [REI] [REIPlugin END] Reloading Section: "pre-stage/FluidComparatorRegistryImpl/" done in 8.700 μs
[05:17:28] [Worker-Main-4/TRACE] [REI] [REIPlugin END] Reloading Section: "pre-stage/DisplaySerializerRegistryImpl/"
[05:17:28] [Worker-Main-4/TRACE] [REI] [REIPlugin END] Reloading Section: "pre-stage/DisplaySerializerRegistryImpl/" done in 7.400 μs
[05:17:28] [Worker-Main-4/TRACE] [REI] [REIPlugin END] Reloading Section: "pre-stage/FluidSupportProviderImpl/"
[05:17:28] [Worker-Main-4/TRACE] [REI] [REIPlugin END] Reloading Section: "pre-stage/FluidSupportProviderImpl/" done in 6.900 μs
[05:17:28] [Worker-Main-4/TRACE] [REI] [REIPlugin END] Reloading Section: "pre-stage/" done in 1.115 ms
[05:17:28] [Worker-Main-4/DEBUG] [REI] ========================================
[05:17:28] [Worker-Main-4/DEBUG] [REI] REIPlugin finished pre-reload for END in 1.793 ms.
[05:17:28] [Worker-Main-4/DEBUG] [REI] ========================================
[05:17:28] [Worker-Main-4/DEBUG] [REI] ========================================
[05:17:28] [Worker-Main-4/DEBUG] [REI] REIServerPlugin starting pre-reload for END.
[05:17:28] [Worker-Main-4/DEBUG] [REI] Reloadables (2):
[05:17:28] [Worker-Main-4/DEBUG] [REI]  - MenuInfoRegistryImpl
[05:17:28] [Worker-Main-4/DEBUG] [REI]  - SlotAccessorRegistryImpl
[05:17:28] [Worker-Main-4/DEBUG] [REI] Plugins (2):
[05:17:28] [Worker-Main-4/DEBUG] [REI]  - (-100.00) DefaultPluginImpl of DefaultPluginImpl [roughlyenoughitems]
[05:17:28] [Worker-Main-4/DEBUG] [REI]  - (0.00) DefaultRuntimePlugin of DefaultRuntimePlugin [roughlyenoughitems]
[05:17:28] [Worker-Main-4/DEBUG] [REI] ========================================
[05:17:28] [Worker-Main-4/TRACE] [REI] [REIServerPlugin END] Reloading Section: "pre-register/"
[05:17:28] [Worker-Main-4/TRACE] [REI] [REIServerPlugin END] Reloading Section: "pre-register/DefaultPluginImpl of DefaultPluginImpl [roughlyenoughitems]/"
[05:17:28] [Worker-Main-4/TRACE] [REI] [REIServerPlugin END] Reloading Section: "pre-register/DefaultPluginImpl of DefaultPluginImpl [roughlyenoughitems]/" done in 19.20 μs
[05:17:28] [Worker-Main-4/TRACE] [REI] [REIServerPlugin END] Reloading Section: "pre-register/DefaultRuntimePlugin of DefaultRuntimePlugin [roughlyenoughitems]/"
[05:17:28] [Worker-Main-4/TRACE] [REI] [REIServerPlugin END] Reloading Section: "pre-register/DefaultRuntimePlugin of DefaultRuntimePlugin [roughlyenoughitems]/" done in 14.20 μs
[05:17:28] [Worker-Main-4/TRACE] [REI] [REIServerPlugin END] Reloading Section: "pre-register/" done in 315.1 μs
[05:17:28] [Worker-Main-4/TRACE] [REI] [REIServerPlugin END] Reloading Section: "pre-stage/"
[05:17:28] [Worker-Main-4/TRACE] [REI] [REIServerPlugin END] Reloading Section: "pre-stage/MenuInfoRegistryImpl/"
[05:17:28] [Worker-Main-4/TRACE] [REI] [REIServerPlugin END] Reloading Section: "pre-stage/MenuInfoRegistryImpl/" done in 9.500 μs
[05:17:28] [Worker-Main-4/TRACE] [REI] [REIServerPlugin END] Reloading Section: "pre-stage/SlotAccessorRegistryImpl/"
[05:17:28] [Worker-Main-4/TRACE] [REI] [REIServerPlugin END] Reloading Section: "pre-stage/SlotAccessorRegistryImpl/" done in 8.000 μs
[05:17:28] [Worker-Main-4/TRACE] [REI] [REIServerPlugin END] Reloading Section: "pre-stage/" done in 229.7 μs
[05:17:28] [Worker-Main-4/DEBUG] [REI] ========================================
[05:17:28] [Worker-Main-4/DEBUG] [REI] REIServerPlugin finished pre-reload for END in 762.4 μs.
[05:17:28] [Worker-Main-4/DEBUG] [REI] ========================================
[05:17:28] [Worker-Main-4/INFO] [REI] ----------------------------------------
[05:17:28] [Worker-Main-4/INFO] [REI] REIPlugin starting main-reload for END.
[05:17:28] [Worker-Main-4/DEBUG] [REI] Reloadables (7):
[05:17:28] [Worker-Main-4/DEBUG] [REI]  - EntryTypeRegistryImpl
[05:17:28] [Worker-Main-4/DEBUG] [REI]  - EntrySettingsAdapterRegistryImpl
[05:17:28] [Worker-Main-4/DEBUG] [REI]  - RecipeManagerContextImpl
[05:17:28] [Worker-Main-4/DEBUG] [REI]  - ItemComparatorRegistryImpl
[05:17:28] [Worker-Main-4/DEBUG] [REI]  - FluidComparatorRegistryImpl
[05:17:28] [Worker-Main-4/DEBUG] [REI]  - DisplaySerializerRegistryImpl
[05:17:28] [Worker-Main-4/DEBUG] [REI]  - FluidSupportProviderImpl
[05:17:28] [Worker-Main-4/INFO] [REI] Plugins (2):
[05:17:28] [Worker-Main-4/INFO] [REI]  - (-100.00) DefaultPluginImpl of DefaultPluginImpl [roughlyenoughitems]
[05:17:28] [Worker-Main-4/INFO] [REI]  - (0.00) DefaultRuntimePlugin of DefaultRuntimePlugin [roughlyenoughitems]
[05:17:28] [Worker-Main-4/INFO] [REI] ----------------------------------------
[05:17:28] [Worker-Main-4/TRACE] [REI] [REIPlugin END] Reloading Section: "start-reload/"
[05:17:28] [Worker-Main-4/TRACE] [REI] [REIPlugin END] Reloading Section: "start-reload/EntryTypeRegistryImpl/"
[05:17:28] [Worker-Main-4/TRACE] [REI] [REIPlugin END] Reloading Section: "start-reload/EntryTypeRegistryImpl/" done in 13.70 μs
[05:17:28] [Worker-Main-4/TRACE] [REI] [REIPlugin END] Reloading Section: "start-reload/EntrySettingsAdapterRegistryImpl/"
[05:17:28] [Worker-Main-4/TRACE] [REI] [REIPlugin END] Reloading Section: "start-reload/EntrySettingsAdapterRegistryImpl/" done in 34.40 μs
[05:17:28] [Worker-Main-4/TRACE] [REI] [REIPlugin END] Reloading Section: "start-reload/RecipeManagerContextImpl/"
[05:17:28] [Worker-Main-4/TRACE] [REI] [REIPlugin END] Reloading Section: "start-reload/RecipeManagerContextImpl/" done in 9.600 μs
[05:17:28] [Worker-Main-4/TRACE] [REI] [REIPlugin END] Reloading Section: "start-reload/ItemComparatorRegistryImpl/"
[05:17:28] [Worker-Main-4/TRACE] [REI] [REIPlugin END] Reloading Section: "start-reload/ItemComparatorRegistryImpl/" done in 8.000 μs
[05:17:28] [Worker-Main-4/TRACE] [REI] [REIPlugin END] Reloading Section: "start-reload/FluidComparatorRegistryImpl/"
[05:17:28] [Worker-Main-4/TRACE] [REI] [REIPlugin END] Reloading Section: "start-reload/FluidComparatorRegistryImpl/" done in 6.700 μs
[05:17:28] [Worker-Main-4/TRACE] [REI] [REIPlugin END] Reloading Section: "start-reload/DisplaySerializerRegistryImpl/"
[05:17:28] [Worker-Main-4/TRACE] [REI] [REIPlugin END] Reloading Section: "start-reload/DisplaySerializerRegistryImpl/" done in 20.40 μs
[05:17:28] [Worker-Main-4/TRACE] [REI] [REIPlugin END] Reloading Section: "start-reload/FluidSupportProviderImpl/"
[05:17:28] [Worker-Main-4/TRACE] [REI] [REIPlugin END] Reloading Section: "start-reload/FluidSupportProviderImpl/" done in 7.600 μs
[05:17:28] [Worker-Main-4/TRACE] [REI] [REIPlugin END] Reloading Section: "start-reload/" done in 917.7 μs
[05:17:28] [Worker-Main-4/DEBUG] [REI] ========================================
[05:17:28] [Worker-Main-4/DEBUG] [REI] REIPlugin started main-reload for END.
[05:17:28] [Worker-Main-4/DEBUG] [REI] ========================================
[05:17:28] [Worker-Main-4/TRACE] [REI] [REIPlugin END] Reloading Section: "reloadable-plugin/EntryTypeRegistryImpl/"
[05:17:28] [Worker-Main-4/TRACE] [REI] [REIPlugin END] Reloading Section: "reloadable-plugin/EntryTypeRegistryImpl/DefaultPluginImpl of DefaultPluginImpl [roughlyenoughitems]/"
[05:17:28] [Worker-Main-4/TRACE] [REI] [REIPlugin END] Reloading Section: "reloadable-plugin/EntryTypeRegistryImpl/DefaultPluginImpl of DefaultPluginImpl [roughlyenoughitems]/" done in 19.40 μs
[05:17:28] [Worker-Main-4/TRACE] [REI] [REIPlugin END] Reloading Section: "reloadable-plugin/EntryTypeRegistryImpl/DefaultRuntimePlugin of DefaultRuntimePlugin [roughlyenoughitems]/"
[05:17:28] [Worker-Main-4/TRACE] [REI] [REIPlugin END] Reloading Section: "reloadable-plugin/EntryTypeRegistryImpl/DefaultRuntimePlugin of DefaultRuntimePlugin [roughlyenoughitems]/" done in 14.80 μs
[05:17:28] [Worker-Main-4/TRACE] [REI] [REIPlugin END] Reloading Section: "reloadable-plugin/EntryTypeRegistryImpl/" done in 290.8 μs
[05:17:28] [Worker-Main-4/TRACE] [REI] [REIPlugin END] Reloading Section: "reloadable-plugin/EntrySettingsAdapterRegistryImpl/"
[05:17:28] [Worker-Main-4/TRACE] [REI] [REIPlugin END] Reloading Section: "reloadable-plugin/EntrySettingsAdapterRegistryImpl/DefaultPluginImpl of DefaultPluginImpl [roughlyenoughitems]/"
[05:17:28] [Worker-Main-4/TRACE] [REI] [REIPlugin END] Reloading Section: "reloadable-plugin/EntrySettingsAdapterRegistryImpl/DefaultPluginImpl of DefaultPluginImpl [roughlyenoughitems]/" done in 25.50 μs
[05:17:28] [Worker-Main-4/TRACE] [REI] [REIPlugin END] Reloading Section: "reloadable-plugin/EntrySettingsAdapterRegistryImpl/DefaultRuntimePlugin of DefaultRuntimePlugin [roughlyenoughitems]/"
[05:17:28] [Worker-Main-4/TRACE] [REI] [REIPlugin END] Reloading Section: "reloadable-plugin/EntrySettingsAdapterRegistryImpl/DefaultRuntimePlugin of DefaultRuntimePlugin [roughlyenoughitems]/" done in 17.90 μs
[05:17:28] [Worker-Main-4/TRACE] [REI] [REIPlugin END] Reloading Section: "reloadable-plugin/EntrySettingsAdapterRegistryImpl/" done in 293.1 μs
[05:17:28] [Worker-Main-4/TRACE] [REI] [REIPlugin END] Reloading Section: "reloadable-plugin/RecipeManagerContextImpl/"
[05:17:28] [Worker-Main-4/TRACE] [REI] [REIPlugin END] Reloading Section: "reloadable-plugin/RecipeManagerContextImpl/DefaultPluginImpl of DefaultPluginImpl [roughlyenoughitems]/"
[05:17:28] [Worker-Main-4/TRACE] [REI] [REIPlugin END] Reloading Section: "reloadable-plugin/RecipeManagerContextImpl/DefaultPluginImpl of DefaultPluginImpl [roughlyenoughitems]/" done in 15.00 μs
[05:17:28] [Worker-Main-4/TRACE] [REI] [REIPlugin END] Reloading Section: "reloadable-plugin/RecipeManagerContextImpl/DefaultRuntimePlugin of DefaultRuntimePlugin [roughlyenoughitems]/"
[05:17:28] [Worker-Main-4/TRACE] [REI] [REIPlugin END] Reloading Section: "reloadable-plugin/RecipeManagerContextImpl/DefaultRuntimePlugin of DefaultRuntimePlugin [roughlyenoughitems]/" done in 13.30 μs
[05:17:28] [Worker-Main-4/TRACE] [REI] [REIPlugin END] Reloading Section: "reloadable-plugin/RecipeManagerContextImpl/" done in 246.0 μs
[05:17:28] [Worker-Main-4/TRACE] [REI] [REIPlugin END] Reloading Section: "reloadable-plugin/ItemComparatorRegistryImpl/"
[05:17:28] [Worker-Main-4/TRACE] [REI] [REIPlugin END] Reloading Section: "reloadable-plugin/ItemComparatorRegistryImpl/DefaultPluginImpl of DefaultPluginImpl [roughlyenoughitems]/"
[05:17:28] [Worker-Main-4/TRACE] [REI] [REIPlugin END] Reloading Section: "reloadable-plugin/ItemComparatorRegistryImpl/DefaultPluginImpl of DefaultPluginImpl [roughlyenoughitems]/" done in 12.70 μs
[05:17:28] [Worker-Main-4/TRACE] [REI] [REIPlugin END] Reloading Section: "reloadable-plugin/ItemComparatorRegistryImpl/DefaultRuntimePlugin of DefaultRuntimePlugin [roughlyenoughitems]/"
[05:17:28] [Worker-Main-4/TRACE] [REI] [REIPlugin END] Reloading Section: "reloadable-plugin/ItemComparatorRegistryImpl/DefaultRuntimePlugin of DefaultRuntimePlugin [roughlyenoughitems]/" done in 12.70 μs
[05:17:28] [Worker-Main-4/TRACE] [REI] [REIPlugin END] Reloading Section: "reloadable-plugin/ItemComparatorRegistryImpl/" done in 235.7 μs
[05:17:28] [Worker-Main-4/TRACE] [REI] [REIPlugin END] Reloading Section: "reloadable-plugin/FluidComparatorRegistryImpl/"
[05:17:28] [Worker-Main-4/TRACE] [REI] [REIPlugin END] Reloading Section: "reloadable-plugin/FluidComparatorRegistryImpl/DefaultPluginImpl of DefaultPluginImpl [roughlyenoughitems]/"
[05:17:28] [Worker-Main-4/TRACE] [REI] [REIPlugin END] Reloading Section: "reloadable-plugin/FluidComparatorRegistryImpl/DefaultPluginImpl of DefaultPluginImpl [roughlyenoughitems]/" done in 11.90 μs
[05:17:28] [Worker-Main-4/TRACE] [REI] [REIPlugin END] Reloading Section: "reloadable-plugin/FluidComparatorRegistryImpl/DefaultRuntimePlugin of DefaultRuntimePlugin [roughlyenoughitems]/"
[05:17:28] [Worker-Main-4/TRACE] [REI] [REIPlugin END] Reloading Section: "reloadable-plugin/FluidComparatorRegistryImpl/DefaultRuntimePlugin of DefaultRuntimePlugin [roughlyenoughitems]/" done in 13.10 μs
[05:17:28] [Worker-Main-4/TRACE] [REI] [REIPlugin END] Reloading Section: "reloadable-plugin/FluidComparatorRegistryImpl/" done in 298.2 μs
[05:17:28] [Worker-Main-4/TRACE] [REI] [REIPlugin END] Reloading Section: "reloadable-plugin/DisplaySerializerRegistryImpl/"
[05:17:28] [Worker-Main-4/TRACE] [REI] [REIPlugin END] Reloading Section: "reloadable-plugin/DisplaySerializerRegistryImpl/DefaultPluginImpl of DefaultPluginImpl [roughlyenoughitems]/"
[05:17:29] [Worker-Main-4/TRACE] [REI] [REIPlugin END] Reloading Section: "reloadable-plugin/DisplaySerializerRegistryImpl/DefaultPluginImpl of DefaultPluginImpl [roughlyenoughitems]/" done in 53.44 ms
[05:17:29] [Worker-Main-4/TRACE] [REI] [REIPlugin END] Reloading Section: "reloadable-plugin/DisplaySerializerRegistryImpl/DefaultRuntimePlugin of DefaultRuntimePlugin [roughlyenoughitems]/"
[05:17:29] [Worker-Main-4/TRACE] [REI] [REIPlugin END] Reloading Section: "reloadable-plugin/DisplaySerializerRegistryImpl/DefaultRuntimePlugin of DefaultRuntimePlugin [roughlyenoughitems]/" done in 42.60 μs
[05:17:29] [Worker-Main-4/TRACE] [REI] [REIPlugin END] Reloading Section: "reloadable-plugin/DisplaySerializerRegistryImpl/" done in 54.06 ms
[05:17:29] [Worker-Main-4/TRACE] [REI] [REIPlugin END] Reloading Section: "reloadable-plugin/FluidSupportProviderImpl/"
[05:17:29] [Worker-Main-4/TRACE] [REI] [REIPlugin END] Reloading Section: "reloadable-plugin/FluidSupportProviderImpl/DefaultPluginImpl of DefaultPluginImpl [roughlyenoughitems]/"
[05:17:29] [Worker-Main-4/TRACE] [REI] [REIPlugin END] Reloading Section: "reloadable-plugin/FluidSupportProviderImpl/DefaultPluginImpl of DefaultPluginImpl [roughlyenoughitems]/" done in 27.60 μs
[05:17:29] [Worker-Main-4/TRACE] [REI] [REIPlugin END] Reloading Section: "reloadable-plugin/FluidSupportProviderImpl/DefaultRuntimePlugin of DefaultRuntimePlugin [roughlyenoughitems]/"
[05:17:29] [Worker-Main-4/TRACE] [REI] [REIPlugin END] Reloading Section: "reloadable-plugin/FluidSupportProviderImpl/DefaultRuntimePlugin of DefaultRuntimePlugin [roughlyenoughitems]/" done in 25.30 μs
[05:17:29] [Worker-Main-4/TRACE] [REI] [REIPlugin END] Reloading Section: "reloadable-plugin/FluidSupportProviderImpl/" done in 2.039 ms
[05:17:29] [Worker-Main-4/DEBUG] [REI] ========================================
[05:17:29] [Worker-Main-4/DEBUG] [REI] REIPlugin ending main-reload for END.
[05:17:29] [Worker-Main-4/DEBUG] [REI] ========================================
[05:17:29] [Worker-Main-4/TRACE] [REI] [REIPlugin END] Reloading Section: "end-reload/"
[05:17:29] [Worker-Main-4/TRACE] [REI] [REIPlugin END] Reloading Section: "end-reload/EntryTypeRegistryImpl/"
[05:17:29] [Worker-Main-4/TRACE] [REI] [REIPlugin END] Reloading Section: "end-reload/EntryTypeRegistryImpl/" done in 8.700 μs
[05:17:29] [Worker-Main-4/TRACE] [REI] [REIPlugin END] Reloading Section: "end-reload/EntrySettingsAdapterRegistryImpl/"
[05:17:29] [Worker-Main-4/TRACE] [REI] [REIPlugin END] Reloading Section: "end-reload/EntrySettingsAdapterRegistryImpl/" done in 6.600 μs
[05:17:29] [Worker-Main-4/TRACE] [REI] [REIPlugin END] Reloading Section: "end-reload/RecipeManagerContextImpl/"
[05:17:29] [Worker-Main-4/TRACE] [REI] [REIPlugin END] Reloading Section: "end-reload/RecipeManagerContextImpl/" done in 6.000 μs
[05:17:29] [Worker-Main-4/TRACE] [REI] [REIPlugin END] Reloading Section: "end-reload/ItemComparatorRegistryImpl/"
[05:17:29] [Worker-Main-4/TRACE] [REI] [REIPlugin END] Reloading Section: "end-reload/ItemComparatorRegistryImpl/" done in 6.400 μs
[05:17:29] [Worker-Main-4/TRACE] [REI] [REIPlugin END] Reloading Section: "end-reload/FluidComparatorRegistryImpl/"
[05:17:29] [Worker-Main-4/TRACE] [REI] [REIPlugin END] Reloading Section: "end-reload/FluidComparatorRegistryImpl/" done in 14.60 μs
[05:17:29] [Worker-Main-4/TRACE] [REI] [REIPlugin END] Reloading Section: "end-reload/DisplaySerializerRegistryImpl/"
[05:17:29] [Worker-Main-4/TRACE] [REI] [REIPlugin END] Reloading Section: "end-reload/DisplaySerializerRegistryImpl/" done in 7.500 μs
[05:17:29] [Worker-Main-4/TRACE] [REI] [REIPlugin END] Reloading Section: "end-reload/FluidSupportProviderImpl/"
[05:17:29] [Worker-Main-4/TRACE] [REI] [REIPlugin END] Reloading Section: "end-reload/FluidSupportProviderImpl/" done in 6.900 μs
[05:17:29] [Worker-Main-4/TRACE] [REI] [REIPlugin END] Reloading Section: "end-reload/" done in 3.632 ms
[05:17:29] [Worker-Main-4/DEBUG] [REI] ========================================
[05:17:29] [Worker-Main-4/DEBUG] [REI] REIPlugin ended main-reload for END in 64.02 ms.
[05:17:29] [Worker-Main-4/DEBUG] [REI] ========================================
[05:17:29] [Worker-Main-4/INFO] [REI] ########################################
[05:17:29] [Worker-Main-4/INFO] [REI] REIServerPlugin starting main-reload for END.
[05:17:29] [Worker-Main-4/DEBUG] [REI] Reloadables (2):
[05:17:29] [Worker-Main-4/DEBUG] [REI]  - MenuInfoRegistryImpl
[05:17:29] [Worker-Main-4/DEBUG] [REI]  - SlotAccessorRegistryImpl
[05:17:29] [Worker-Main-4/INFO] [REI] Plugins (2):
[05:17:29] [Worker-Main-4/INFO] [REI]  - (-100.00) DefaultPluginImpl of DefaultPluginImpl [roughlyenoughitems]
[05:17:29] [Worker-Main-4/INFO] [REI]  - (0.00) DefaultRuntimePlugin of DefaultRuntimePlugin [roughlyenoughitems]
[05:17:29] [Worker-Main-4/INFO] [REI] ########################################
[05:17:29] [Worker-Main-4/TRACE] [REI] [REIServerPlugin END] Reloading Section: "start-reload/"
[05:17:29] [Worker-Main-4/TRACE] [REI] [REIServerPlugin END] Reloading Section: "start-reload/MenuInfoRegistryImpl/"
[05:17:29] [Worker-Main-4/TRACE] [REI] [REIServerPlugin END] Reloading Section: "start-reload/MenuInfoRegistryImpl/" done in 46.60 μs
[05:17:29] [Worker-Main-4/TRACE] [REI] [REIServerPlugin END] Reloading Section: "start-reload/SlotAccessorRegistryImpl/"
[05:17:29] [Worker-Main-4/TRACE] [REI] [REIServerPlugin END] Reloading Section: "start-reload/SlotAccessorRegistryImpl/" done in 20.50 μs
[05:17:29] [Worker-Main-4/TRACE] [REI] [REIServerPlugin END] Reloading Section: "start-reload/" done in 276.7 μs
[05:17:29] [Worker-Main-4/DEBUG] [REI] ========================================
[05:17:29] [Worker-Main-4/DEBUG] [REI] REIServerPlugin started main-reload for END.
[05:17:29] [Worker-Main-4/DEBUG] [REI] ========================================
[05:17:29] [Worker-Main-4/TRACE] [REI] [REIServerPlugin END] Reloading Section: "reloadable-plugin/MenuInfoRegistryImpl/"
[05:17:29] [Worker-Main-4/TRACE] [REI] [REIServerPlugin END] Reloading Section: "reloadable-plugin/MenuInfoRegistryImpl/DefaultPluginImpl of DefaultPluginImpl [roughlyenoughitems]/"
[05:17:29] [Worker-Main-4/TRACE] [REI] [REIServerPlugin END] Reloading Section: "reloadable-plugin/MenuInfoRegistryImpl/DefaultPluginImpl of DefaultPluginImpl [roughlyenoughitems]/" done in 33.40 μs
[05:17:29] [Worker-Main-4/TRACE] [REI] [REIServerPlugin END] Reloading Section: "reloadable-plugin/MenuInfoRegistryImpl/DefaultRuntimePlugin of DefaultRuntimePlugin [roughlyenoughitems]/"
[05:17:29] [Worker-Main-4/TRACE] [REI] [REIServerPlugin END] Reloading Section: "reloadable-plugin/MenuInfoRegistryImpl/DefaultRuntimePlugin of DefaultRuntimePlugin [roughlyenoughitems]/" done in 14.40 μs
[05:17:29] [Worker-Main-4/TRACE] [REI] [REIServerPlugin END] Reloading Section: "reloadable-plugin/MenuInfoRegistryImpl/" done in 266.6 μs
[05:17:29] [Worker-Main-4/TRACE] [REI] [REIServerPlugin END] Reloading Section: "reloadable-plugin/SlotAccessorRegistryImpl/"
[05:17:29] [Worker-Main-4/TRACE] [REI] [REIServerPlugin END] Reloading Section: "reloadable-plugin/SlotAccessorRegistryImpl/DefaultPluginImpl of DefaultPluginImpl [roughlyenoughitems]/"
[05:17:29] [Worker-Main-4/TRACE] [REI] [REIServerPlugin END] Reloading Section: "reloadable-plugin/SlotAccessorRegistryImpl/DefaultPluginImpl of DefaultPluginImpl [roughlyenoughitems]/" done in 23.60 μs
[05:17:29] [Worker-Main-4/TRACE] [REI] [REIServerPlugin END] Reloading Section: "reloadable-plugin/SlotAccessorRegistryImpl/DefaultRuntimePlugin of DefaultRuntimePlugin [roughlyenoughitems]/"
[05:17:29] [Worker-Main-4/DEBUG] [REI] Added slot accessor serializer: me.shedaniel.rei.plugin.common.runtime.DefaultRuntimePlugin$1@53a21c61 [roughlyenoughitems:vanilla]
[05:17:29] [Worker-Main-4/DEBUG] [REI] Added slot accessor serializer: me.shedaniel.rei.plugin.common.runtime.DefaultRuntimePlugin$2@385d6726 [roughlyenoughitems:player]
[05:17:29] [Worker-Main-4/TRACE] [REI] [REIServerPlugin END] Reloading Section: "reloadable-plugin/SlotAccessorRegistryImpl/DefaultRuntimePlugin of DefaultRuntimePlugin [roughlyenoughitems]/" done in 3.819 ms
[05:17:29] [Worker-Main-4/TRACE] [REI] [REIServerPlugin END] Reloading Section: "reloadable-plugin/SlotAccessorRegistryImpl/" done in 4.137 ms
[05:17:29] [Worker-Main-4/DEBUG] [REI] ========================================
[05:17:29] [Worker-Main-4/DEBUG] [REI] REIServerPlugin ending main-reload for END.
[05:17:29] [Worker-Main-4/DEBUG] [REI] ========================================
[05:17:29] [Worker-Main-4/TRACE] [REI] [REIServerPlugin END] Reloading Section: "end-reload/"
[05:17:29] [Worker-Main-4/TRACE] [REI] [REIServerPlugin END] Reloading Section: "end-reload/MenuInfoRegistryImpl/"
[05:17:29] [Worker-Main-4/DEBUG] [REI] Registered 0 menu infos
[05:17:29] [Worker-Main-4/TRACE] [REI] [REIServerPlugin END] Reloading Section: "end-reload/MenuInfoRegistryImpl/" done in 89.80 μs
[05:17:29] [Worker-Main-4/TRACE] [REI] [REIServerPlugin END] Reloading Section: "end-reload/SlotAccessorRegistryImpl/"
[05:17:29] [Worker-Main-4/DEBUG] [REI] Registered 2 slot accessor serializers
[05:17:29] [Worker-Main-4/TRACE] [REI] [REIServerPlugin END] Reloading Section: "end-reload/SlotAccessorRegistryImpl/" done in 61.50 μs
[05:17:29] [Worker-Main-4/TRACE] [REI] [REIServerPlugin END] Reloading Section: "end-reload/" done in 344.4 μs
[05:17:29] [Worker-Main-4/DEBUG] [REI] ========================================
[05:17:29] [Worker-Main-4/DEBUG] [REI] REIServerPlugin ended main-reload for END in 5.937 ms.
[05:17:29] [Worker-Main-4/DEBUG] [REI] ========================================
[05:17:29] [Worker-Main-4/DEBUG] [REI] ========================================
[05:17:29] [Worker-Main-4/DEBUG] [REI] REIPlugin starting post-reload for END.
[05:17:29] [Worker-Main-4/DEBUG] [REI] Reloadables (7):
[05:17:29] [Worker-Main-4/DEBUG] [REI]  - EntryTypeRegistryImpl
[05:17:29] [Worker-Main-4/DEBUG] [REI]  - EntrySettingsAdapterRegistryImpl
[05:17:29] [Worker-Main-4/DEBUG] [REI]  - RecipeManagerContextImpl
[05:17:29] [Worker-Main-4/DEBUG] [REI]  - ItemComparatorRegistryImpl
[05:17:29] [Worker-Main-4/DEBUG] [REI]  - FluidComparatorRegistryImpl
[05:17:29] [Worker-Main-4/DEBUG] [REI]  - DisplaySerializerRegistryImpl
[05:17:29] [Worker-Main-4/DEBUG] [REI]  - FluidSupportProviderImpl
[05:17:29] [Worker-Main-4/DEBUG] [REI] Plugins (2):
[05:17:29] [Worker-Main-4/DEBUG] [REI]  - (-100.00) DefaultPluginImpl of DefaultPluginImpl [roughlyenoughitems]
[05:17:29] [Worker-Main-4/DEBUG] [REI]  - (0.00) DefaultRuntimePlugin of DefaultRuntimePlugin [roughlyenoughitems]
[05:17:29] [Worker-Main-4/DEBUG] [REI] ========================================
[05:17:29] [Worker-Main-4/TRACE] [REI] [REIPlugin END] Reloading Section: "post-register/"
[05:17:29] [Worker-Main-4/TRACE] [REI] [REIPlugin END] Reloading Section: "post-register/DefaultPluginImpl of DefaultPluginImpl [roughlyenoughitems]/"
[05:17:29] [Worker-Main-4/TRACE] [REI] [REIPlugin END] Reloading Section: "post-register/DefaultPluginImpl of DefaultPluginImpl [roughlyenoughitems]/" done in 20.10 μs
[05:17:29] [Worker-Main-4/TRACE] [REI] [REIPlugin END] Reloading Section: "post-register/DefaultRuntimePlugin of DefaultRuntimePlugin [roughlyenoughitems]/"
[05:17:29] [Worker-Main-4/TRACE] [REI] [REIPlugin END] Reloading Section: "post-register/DefaultRuntimePlugin of DefaultRuntimePlugin [roughlyenoughitems]/" done in 11.20 μs
[05:17:29] [Worker-Main-4/TRACE] [REI] [REIPlugin END] Reloading Section: "post-register/" done in 239.6 μs
[05:17:29] [Worker-Main-4/TRACE] [REI] [REIPlugin END] Reloading Section: "post-stage/"
[05:17:29] [Worker-Main-4/TRACE] [REI] [REIPlugin END] Reloading Section: "post-stage/EntryTypeRegistryImpl/"
[05:17:29] [Worker-Main-4/TRACE] [REI] [REIPlugin END] Reloading Section: "post-stage/EntryTypeRegistryImpl/" done in 7.200 μs
[05:17:29] [Worker-Main-4/TRACE] [REI] [REIPlugin END] Reloading Section: "post-stage/EntrySettingsAdapterRegistryImpl/"
[05:17:29] [Worker-Main-4/TRACE] [REI] [REIPlugin END] Reloading Section: "post-stage/EntrySettingsAdapterRegistryImpl/" done in 5.500 μs
[05:17:29] [Worker-Main-4/TRACE] [REI] [REIPlugin END] Reloading Section: "post-stage/RecipeManagerContextImpl/"
[05:17:29] [Worker-Main-4/TRACE] [REI] [REIPlugin END] Reloading Section: "post-stage/RecipeManagerContextImpl/" done in 17.70 μs
[05:17:29] [Worker-Main-4/TRACE] [REI] [REIPlugin END] Reloading Section: "post-stage/ItemComparatorRegistryImpl/"
[05:17:29] [Worker-Main-4/TRACE] [REI] [REIPlugin END] Reloading Section: "post-stage/ItemComparatorRegistryImpl/" done in 9.800 μs
[05:17:29] [Worker-Main-4/TRACE] [REI] [REIPlugin END] Reloading Section: "post-stage/FluidComparatorRegistryImpl/"
[05:17:29] [Worker-Main-4/TRACE] [REI] [REIPlugin END] Reloading Section: "post-stage/FluidComparatorRegistryImpl/" done in 12.00 μs
[05:17:29] [Worker-Main-4/TRACE] [REI] [REIPlugin END] Reloading Section: "post-stage/DisplaySerializerRegistryImpl/"
[05:17:29] [Worker-Main-4/TRACE] [REI] [REIPlugin END] Reloading Section: "post-stage/DisplaySerializerRegistryImpl/" done in 11.70 μs
[05:17:29] [Worker-Main-4/TRACE] [REI] [REIPlugin END] Reloading Section: "post-stage/FluidSupportProviderImpl/"
[05:17:29] [Worker-Main-4/TRACE] [REI] [REIPlugin END] Reloading Section: "post-stage/FluidSupportProviderImpl/" done in 7.200 μs
[05:17:29] [Worker-Main-4/TRACE] [REI] [REIPlugin END] Reloading Section: "post-stage/" done in 5.678 ms
[05:17:29] [Worker-Main-4/DEBUG] [REI] ========================================
[05:17:29] [Worker-Main-4/INFO] [REI] REIPlugin finished post-reload for END in 6.085 ms, totaling 71.87 ms.
[05:17:29] [Worker-Main-4/DEBUG] [REI] ========================================
[05:17:29] [Worker-Main-4/DEBUG] [REI] ========================================
[05:17:29] [Worker-Main-4/DEBUG] [REI] REIServerPlugin starting post-reload for END.
[05:17:29] [Worker-Main-4/DEBUG] [REI] Reloadables (2):
[05:17:29] [Worker-Main-4/DEBUG] [REI]  - MenuInfoRegistryImpl
[05:17:29] [Worker-Main-4/DEBUG] [REI]  - SlotAccessorRegistryImpl
[05:17:29] [Worker-Main-4/DEBUG] [REI] Plugins (2):
[05:17:29] [Worker-Main-4/DEBUG] [REI]  - (-100.00) DefaultPluginImpl of DefaultPluginImpl [roughlyenoughitems]
[05:17:29] [Worker-Main-4/DEBUG] [REI]  - (0.00) DefaultRuntimePlugin of DefaultRuntimePlugin [roughlyenoughitems]
[05:17:29] [Worker-Main-4/DEBUG] [REI] ========================================
[05:17:29] [Worker-Main-4/TRACE] [REI] [REIServerPlugin END] Reloading Section: "post-register/"
[05:17:29] [Worker-Main-4/TRACE] [REI] [REIServerPlugin END] Reloading Section: "post-register/DefaultPluginImpl of DefaultPluginImpl [roughlyenoughitems]/"
[05:17:29] [Worker-Main-4/TRACE] [REI] [REIServerPlugin END] Reloading Section: "post-register/DefaultPluginImpl of DefaultPluginImpl [roughlyenoughitems]/" done in 18.40 μs
[05:17:29] [Worker-Main-4/TRACE] [REI] [REIServerPlugin END] Reloading Section: "post-register/DefaultRuntimePlugin of DefaultRuntimePlugin [roughlyenoughitems]/"
[05:17:29] [Worker-Main-4/TRACE] [REI] [REIServerPlugin END] Reloading Section: "post-register/DefaultRuntimePlugin of DefaultRuntimePlugin [roughlyenoughitems]/" done in 11.80 μs
[05:17:29] [Worker-Main-4/TRACE] [REI] [REIServerPlugin END] Reloading Section: "post-register/" done in 218.5 μs
[05:17:29] [Worker-Main-4/TRACE] [REI] [REIServerPlugin END] Reloading Section: "post-stage/"
[05:17:29] [Worker-Main-4/TRACE] [REI] [REIServerPlugin END] Reloading Section: "post-stage/MenuInfoRegistryImpl/"
[05:17:29] [Worker-Main-4/TRACE] [REI] [REIServerPlugin END] Reloading Section: "post-stage/MenuInfoRegistryImpl/" done in 7.900 μs
[05:17:29] [Worker-Main-4/TRACE] [REI] [REIServerPlugin END] Reloading Section: "post-stage/SlotAccessorRegistryImpl/"
[05:17:29] [Worker-Main-4/TRACE] [REI] [REIServerPlugin END] Reloading Section: "post-stage/SlotAccessorRegistryImpl/" done in 6.300 μs
[05:17:29] [Worker-Main-4/TRACE] [REI] [REIServerPlugin END] Reloading Section: "post-stage/" done in 414.1 μs
[05:17:29] [Worker-Main-4/DEBUG] [REI] ========================================
[05:17:29] [Worker-Main-4/INFO] [REI] REIServerPlugin finished post-reload for END in 830.1 μs, totaling 7.508 ms.
[05:17:29] [Worker-Main-4/DEBUG] [REI] ========================================
